Log file open, 02/18/24 12:17:16
LogWindows: Failed to load 'aqProf.dll' (GetLastError=126)
LogWindows: File 'aqProf.dll' does not exist
LogWindows: Failed to load 'VtuneApi.dll' (GetLastError=126)
LogWindows: File 'VtuneApi.dll' does not exist
LogWindows: Failed to load 'VtuneApi32e.dll' (GetLastError=126)
LogWindows: File 'VtuneApi32e.dll' does not exist
LogConsoleResponse: Display: Failed to find resolution value strings in scalability ini. Falling back to default.
LogConsoleResponse: Display: Failed to find resolution value strings in scalability ini. Falling back to default.
LogInit: Display: Running engine for game: JanczakShooter
LogPlatformFile: Not using cached read wrapper
LogTaskGraph: Started task graph with 5 named threads and 59 total threads with 3 sets of task threads.
LogStats: Stats thread started at 0.151725
LogICUInternationalization: ICU TimeZone Detection - Raw Offset: +1:00, Platform Override: ''
LogInit: Display: Loading text-based GConfig....
LogPluginManager: Mounting plugin XGEController
LogPluginManager: Mounting plugin MeshPainting
LogPluginManager: Mounting plugin Paper2D
LogPluginManager: Mounting plugin LiveLink
LogPluginManager: Mounting plugin AISupport
LogPluginManager: Mounting plugin EnvironmentQueryEditor
LogPluginManager: Mounting plugin CameraShakePreviewer
LogPluginManager: Mounting plugin GameplayCameras
LogPluginManager: Mounting plugin LightPropagationVolume
LogPluginManager: Mounting plugin AnimationSharing
LogPluginManager: Mounting plugin CodeLiteSourceCodeAccess
LogPluginManager: Mounting plugin CLionSourceCodeAccess
LogPluginManager: Mounting plugin NullSourceCodeAccess
LogPluginManager: Mounting plugin GitSourceControl
LogPluginManager: Mounting plugin PerforceSourceControl
LogPluginManager: Mounting plugin KDevelopSourceCodeAccess
LogPluginManager: Mounting plugin PluginUtils
LogPluginManager: Mounting plugin PlasticSourceControl
LogPluginManager: Mounting plugin PixWinPlugin
LogPluginManager: Mounting plugin RiderSourceCodeAccess
LogPluginManager: Mounting plugin PropertyAccessNode
LogPluginManager: Mounting plugin TextureFormatOodle
LogPluginManager: Mounting plugin SubversionSourceControl
LogPluginManager: Mounting plugin VisualStudioCodeSourceCodeAccess
LogPluginManager: Mounting plugin UObjectPlugin
LogPluginManager: Mounting plugin XCodeSourceCodeAccess
LogPluginManager: Mounting plugin VisualStudioSourceCodeAccess
LogPluginManager: Mounting plugin AssetManagerEditor
LogPluginManager: Mounting plugin CurveEditorTools
LogPluginManager: Mounting plugin CryptoKeys
LogPluginManager: Mounting plugin DataValidation
LogPluginManager: Mounting plugin FacialAnimation
LogPluginManager: Mounting plugin GeometryMode
LogPluginManager: Mounting plugin GameplayTagsEditor
LogPluginManager: Mounting plugin OodleData
LogPluginManager: Mounting plugin MacGraphicsSwitching
LogPluginManager: Mounting plugin MaterialAnalyzer
LogPluginManager: Mounting plugin PluginBrowser
LogPluginManager: Mounting plugin MobileLauncherProfileWizard
LogPluginManager: Mounting plugin Niagara
LogPluginManager: Mounting plugin SpeedTreeImporter
LogPluginManager: Mounting plugin OodleNetwork
LogPluginManager: Mounting plugin AlembicImporter
LogPluginManager: Mounting plugin AutomationUtils
LogPluginManager: Mounting plugin BackChannel
LogPluginManager: Mounting plugin ChaosClothEditor
LogPluginManager: Mounting plugin ChaosEditor
LogPluginManager: Mounting plugin ChaosCloth
LogPluginManager: Mounting plugin ChaosSolverPlugin
LogPluginManager: Mounting plugin ChaosNiagara
LogPluginManager: Mounting plugin CharacterAI
LogPluginManager: Mounting plugin GeometryCache
LogPluginManager: Mounting plugin GeometryCollectionPlugin
LogPluginManager: Mounting plugin GeometryProcessing
LogPluginManager: Mounting plugin MotoSynth
LogPluginManager: Mounting plugin PlanarCut
LogPluginManager: Mounting plugin OpenImageDenoise
LogPluginManager: Mounting plugin PythonScriptPlugin
LogPluginManager: Mounting plugin ProxyLODPlugin
LogPluginManager: Mounting plugin PlatformCrypto
LogPluginManager: Mounting plugin SkeletalReduction
LogPluginManager: Mounting plugin ScreenshotTools
LogPluginManager: Mounting plugin DatasmithContent
LogPluginManager: Mounting plugin VariantManagerContent
LogPluginManager: Mounting plugin Takes
LogPluginManager: Mounting plugin AndroidMedia
LogPluginManager: Mounting plugin LuminPlatformFeatures
LogPluginManager: Mounting plugin MagicLeap
LogPluginManager: Mounting plugin AvfMedia
LogPluginManager: Mounting plugin MediaCompositing
LogPluginManager: Mounting plugin ImgMedia
LogPluginManager: Mounting plugin OnlineSubsystem
LogPluginManager: Mounting plugin MagicLeapLightEstimation
LogPluginManager: Mounting plugin MagicLeapMedia
LogPluginManager: Mounting plugin MagicLeapPassableWorld
LogPluginManager: Mounting plugin MLSDK
LogPluginManager: Mounting plugin TcpMessaging
LogPluginManager: Mounting plugin UdpMessaging
LogPluginManager: Mounting plugin MediaPlayerEditor
LogPluginManager: Mounting plugin WebMMedia
LogPluginManager: Mounting plugin WmfMedia
LogPluginManager: Mounting plugin OnlineSubsystemNull
LogPluginManager: Mounting plugin OnlineSubsystemUtils
LogPluginManager: Mounting plugin LevelSequenceEditor
LogPluginManager: Mounting plugin ActorSequence
LogPluginManager: Mounting plugin MatineeToLevelSequence
LogPluginManager: Mounting plugin TemplateSequence
LogPluginManager: Mounting plugin LauncherChunkInstaller
LogPluginManager: Mounting plugin ActorLayerUtilities
LogPluginManager: Mounting plugin AndroidMoviePlayer
LogPluginManager: Mounting plugin AndroidPermission
LogPluginManager: Mounting plugin AndroidDeviceProfileSelector
LogPluginManager: Mounting plugin AppleImageUtils
LogPluginManager: Mounting plugin AppleMoviePlayer
LogPluginManager: Mounting plugin AssetTags
LogPluginManager: Mounting plugin ArchVisCharacter
LogPluginManager: Mounting plugin AudioSynesthesia
LogPluginManager: Mounting plugin CableComponent
LogPluginManager: Mounting plugin AudioCapture
LogPluginManager: Mounting plugin CustomMeshComponent
LogPluginManager: Mounting plugin ChunkDownloader
LogPluginManager: Mounting plugin EditableMesh
LogPluginManager: Mounting plugin GoogleCloudMessaging
LogPluginManager: Mounting plugin ExampleDeviceProfileSelector
LogPluginManager: Mounting plugin GooglePAD
LogPluginManager: Mounting plugin IOSDeviceProfileSelector
LogPluginManager: Mounting plugin LocationServicesBPLibrary
LogPluginManager: Mounting plugin LinuxDeviceProfileSelector
LogPluginManager: Mounting plugin MobilePatchingUtils
LogPluginManager: Mounting plugin OpenXR
LogPluginManager: Mounting plugin OpenXRHandTracking
LogPluginManager: Mounting plugin OpenXREyeTracker
LogPluginManager: Mounting plugin PhysXVehicles
LogPluginManager: Mounting plugin PropertyAccessEditor
LogPluginManager: Mounting plugin ProceduralMeshComponent
LogPluginManager: Mounting plugin RuntimePhysXCooking
LogPluginManager: Mounting plugin SoundFields
LogPluginManager: Mounting plugin Synthesis
LogPluginManager: Mounting plugin WindowsMoviePlayer
LogPluginManager: Mounting plugin WebMMoviePlayer
LogPluginManager: Mounting plugin SignificanceManager
LogPluginManager: Mounting plugin PostSplashScreen
LogPluginManager: Mounting plugin ContentBrowserAssetDataSource
LogPluginManager: Mounting plugin ContentBrowserClassDataSource
LogPluginManager: Mounting plugin ContentBrowserFileDataSource
LogPluginManager: Mounting plugin OnlineSubsystemGooglePlay
LogPluginManager: Mounting plugin OnlineSubsystemIOS
LogPluginManager: Mounting plugin OculusVR
LogPluginManager: Mounting plugin SteamVR
PixWinPlugin: PIX capture plugin failed to initialize! Check that the process is launched from PIX.
LogInit: Using libcurl 7.55.1-DEV
LogInit:  - built for x86_64-pc-win32
LogInit:  - supports SSL with OpenSSL/1.1.1
LogInit:  - supports HTTP deflate (compression) using libz 1.2.8
LogInit:  - other features:
LogInit:      CURL_VERSION_SSL
LogInit:      CURL_VERSION_LIBZ
LogInit:      CURL_VERSION_IPV6
LogInit:      CURL_VERSION_ASYNCHDNS
LogInit:      CURL_VERSION_LARGEFILE
LogInit:      CURL_VERSION_IDN
LogInit:  CurlRequestOptions (configurable via config and command line):
LogInit:  - bVerifyPeer = true  - Libcurl will verify peer certificate
LogInit:  - bUseHttpProxy = false  - Libcurl will NOT use HTTP proxy
LogInit:  - bDontReuseConnections = false  - Libcurl will reuse connections
LogInit:  - MaxHostConnections = 16  - Libcurl will limit the number of connections to a host
LogInit:  - LocalHostAddr = Default
LogInit:  - BufferSize = 65536
LogOnline: OSS: Creating online subsystem instance for: NULL
LogInit: WinSock: version 1.1 (2.2), MaxSocks=32767, MaxUdp=65467
LogOnline: OSS: TryLoadSubsystemAndSetDefault: Loaded subsystem for module [NULL]
LogOculusPluginWrapper: OculusPlugin initialized successfully
LogHMD: Failed initializing OVRPlugin 1.59.0
LogInit: Build: ++UE4+Release-4.27-CL-18319896
LogInit: Engine Version: 4.27.2-18319896+++UE4+Release-4.27
LogInit: Compatible Engine Version: 4.27.0-17155196+++UE4+Release-4.27
LogInit: Net CL: 17155196
LogInit: OS: Windows 10 (Release 2009) (), CPU: 12th Gen Intel(R) Core(TM) i7-12700F, GPU: NVIDIA GeForce RTX 3060
LogInit: Compiled (64-bit): Nov 30 2021 07:12:08
LogInit: Compiled with Visual C++: 19.24.28315.00
LogInit: Build Configuration: Development
LogInit: Branch Name: ++UE4+Release-4.27
LogInit: Command Line: 
LogInit: Base Directory: D:/Program Files/Epic Games/UE_4.27/Engine/Binaries/Win64/
LogInit: Allocator: TBB
LogInit: Installed Engine Build: 1
LogDevObjectVersion: Number of dev versions registered: 29
LogDevObjectVersion:   Dev-Blueprints (B0D832E4-1F89-4F0D-ACCF-7EB736FD4AA2): 10
LogDevObjectVersion:   Dev-Build (E1C64328-A22C-4D53-A36C-8E866417BD8C): 0
LogDevObjectVersion:   Dev-Core (375EC13C-06E4-48FB-B500-84F0262A717E): 4
LogDevObjectVersion:   Dev-Editor (E4B068ED-F494-42E9-A231-DA0B2E46BB41): 40
LogDevObjectVersion:   Dev-Framework (CFFC743F-43B0-4480-9391-14DF171D2073): 37
LogDevObjectVersion:   Dev-Mobile (B02B49B5-BB20-44E9-A304-32B752E40360): 3
LogDevObjectVersion:   Dev-Networking (A4E4105C-59A1-49B5-A7C5-40C4547EDFEE): 0
LogDevObjectVersion:   Dev-Online (39C831C9-5AE6-47DC-9A44-9C173E1C8E7C): 0
LogDevObjectVersion:   Dev-Physics (78F01B33-EBEA-4F98-B9B4-84EACCB95AA2): 14
LogDevObjectVersion:   Dev-Platform (6631380F-2D4D-43E0-8009-CF276956A95A): 0
LogDevObjectVersion:   Dev-Rendering (12F88B9F-8875-4AFC-A67C-D90C383ABD29): 45
LogDevObjectVersion:   Dev-Sequencer (7B5AE74C-D270-4C10-A958-57980B212A5A): 13
LogDevObjectVersion:   Dev-VR (D7296918-1DD6-4BDD-9DE2-64A83CC13884): 3
LogDevObjectVersion:   Dev-LoadTimes (C2A15278-BFE7-4AFE-6C17-90FF531DF755): 1
LogDevObjectVersion:   Private-Geometry (6EACA3D4-40EC-4CC1-B786-8BED09428FC5): 3
LogDevObjectVersion:   Dev-AnimPhys (29E575DD-E0A3-4627-9D10-D276232CDCEA): 17
LogDevObjectVersion:   Dev-Anim (AF43A65D-7FD3-4947-9873-3E8ED9C1BB05): 15
LogDevObjectVersion:   Dev-ReflectionCapture (6B266CEC-1EC7-4B8F-A30B-E4D90942FC07): 1
LogDevObjectVersion:   Dev-Automation (0DF73D61-A23F-47EA-B727-89E90C41499A): 1
LogDevObjectVersion:   FortniteMain (601D1886-AC64-4F84-AA16-D3DE0DEAC7D6): 47
LogDevObjectVersion:   FortniteRelease (E7086368-6B23-4C58-8439-1B7016265E91): 1
LogDevObjectVersion:   Dev-Enterprise (9DFFBCD6-494F-0158-E221-12823C92A888): 10
LogDevObjectVersion:   Dev-Niagara (F2AED0AC-9AFE-416F-8664-AA7FFA26D6FC): 1
LogDevObjectVersion:   Dev-Destruction (174F1F0B-B4C6-45A5-B13F-2EE8D0FB917D): 10
LogDevObjectVersion:   Dev-Physics-Ext (35F94A83-E258-406C-A318-09F59610247C): 41
LogDevObjectVersion:   Dev-PhysicsMaterial-Chaos (B68FC16E-8B1B-42E2-B453-215C058844FE): 1
LogDevObjectVersion:   Dev-CineCamera (B2E18506-4273-CFC2-A54E-F4BB758BBA07): 1
LogDevObjectVersion:   Dev-VirtualProduction (64F58936-FD1B-42BA-BA96-7289D5D0FA4E): 1
LogDevObjectVersion:   Dev-MediaFramework (6F0ED827-A609-4895-9C91-998D90180EA4): 2
LogInit: Presizing for max 25165824 objects, including 0 objects not considered by GC, pre-allocating 0 bytes for permanent pool.
LogConfig: Applying CVar settings from Section [/Script/Engine.StreamingSettings] File [C:/Users/croft/Documents/Unreal Projects/ZuzannaJanczakIIu5/TopShooterZuzannaJanczak/Saved/Config/Windows/Engine.ini]
LogConfig: Setting CVar [[s.MinBulkDataSizeForAsyncLoading:131072]]
LogConfig: Setting CVar [[s.AsyncLoadingThreadEnabled:0]]
LogConfig: Setting CVar [[s.EventDrivenLoaderEnabled:1]]
LogConfig: Setting CVar [[s.WarnIfTimeLimitExceeded:0]]
LogConfig: Setting CVar [[s.TimeLimitExceededMultiplier:1.5]]
LogConfig: Setting CVar [[s.TimeLimitExceededMinTime:0.005]]
LogConfig: Setting CVar [[s.UseBackgroundLevelStreaming:1]]
LogConfig: Setting CVar [[s.PriorityAsyncLoadingExtraTime:15.0]]
LogConfig: Setting CVar [[s.LevelStreamingActorsUpdateTimeLimit:5.0]]
LogConfig: Setting CVar [[s.PriorityLevelStreamingActorsUpdateExtraTime:5.0]]
LogConfig: Setting CVar [[s.LevelStreamingComponentsRegistrationGranularity:10]]
LogConfig: Setting CVar [[s.UnregisterComponentsTimeLimit:1.0]]
LogConfig: Setting CVar [[s.LevelStreamingComponentsUnregistrationGranularity:5]]
LogConfig: Setting CVar [[s.FlushStreamingOnExit:1]]
LogInit: Object subsystem initialized
LogConfig: Setting CVar [[con.DebugEarlyDefault:1]]
LogConfig: Setting CVar [[r.setres:1280x720]]
[2024.02.18-11.17.16:328][  0]LogConfig: Setting CVar [[r.VSync:0]]
[2024.02.18-11.17.16:328][  0]LogConfig: Setting CVar [[r.RHICmdBypass:0]]
[2024.02.18-11.17.16:328][  0]LogConfig: Applying CVar settings from Section [/Script/Engine.RendererSettings] File [C:/Users/croft/Documents/Unreal Projects/ZuzannaJanczakIIu5/TopShooterZuzannaJanczak/Saved/Config/Windows/Engine.ini]
[2024.02.18-11.17.16:328][  0]LogConfig: Setting CVar [[r.GPUCrashDebugging:0]]
[2024.02.18-11.17.16:328][  0]LogConfig: Applying CVar settings from Section [/Script/Engine.RendererOverrideSettings] File [C:/Users/croft/Documents/Unreal Projects/ZuzannaJanczakIIu5/TopShooterZuzannaJanczak/Saved/Config/Windows/Engine.ini]
[2024.02.18-11.17.16:328][  0]LogConfig: Applying CVar settings from Section [/Script/Engine.StreamingSettings] File [C:/Users/croft/Documents/Unreal Projects/ZuzannaJanczakIIu5/TopShooterZuzannaJanczak/Saved/Config/Windows/Engine.ini]
[2024.02.18-11.17.16:328][  0]LogConfig: Setting CVar [[s.MinBulkDataSizeForAsyncLoading:131072]]
[2024.02.18-11.17.16:328][  0]LogConfig: Setting CVar [[s.AsyncLoadingThreadEnabled:0]]
[2024.02.18-11.17.16:328][  0]LogConfig: Setting CVar [[s.EventDrivenLoaderEnabled:1]]
[2024.02.18-11.17.16:328][  0]LogConfig: Setting CVar [[s.WarnIfTimeLimitExceeded:0]]
[2024.02.18-11.17.16:328][  0]LogConfig: Setting CVar [[s.TimeLimitExceededMultiplier:1.5]]
[2024.02.18-11.17.16:328][  0]LogConfig: Setting CVar [[s.TimeLimitExceededMinTime:0.005]]
[2024.02.18-11.17.16:328][  0]LogConfig: Setting CVar [[s.UseBackgroundLevelStreaming:1]]
[2024.02.18-11.17.16:328][  0]LogConfig: Setting CVar [[s.PriorityAsyncLoadingExtraTime:15.0]]
[2024.02.18-11.17.16:328][  0]LogConfig: Setting CVar [[s.LevelStreamingActorsUpdateTimeLimit:5.0]]
[2024.02.18-11.17.16:328][  0]LogConfig: Setting CVar [[s.PriorityLevelStreamingActorsUpdateExtraTime:5.0]]
[2024.02.18-11.17.16:328][  0]LogConfig: Setting CVar [[s.LevelStreamingComponentsRegistrationGranularity:10]]
[2024.02.18-11.17.16:328][  0]LogConfig: Setting CVar [[s.UnregisterComponentsTimeLimit:1.0]]
[2024.02.18-11.17.16:328][  0]LogConfig: Setting CVar [[s.LevelStreamingComponentsUnregistrationGranularity:5]]
[2024.02.18-11.17.16:328][  0]LogConfig: Setting CVar [[s.FlushStreamingOnExit:1]]
[2024.02.18-11.17.16:328][  0]LogConfig: Applying CVar settings from Section [/Script/Engine.GarbageCollectionSettings] File [C:/Users/croft/Documents/Unreal Projects/ZuzannaJanczakIIu5/TopShooterZuzannaJanczak/Saved/Config/Windows/Engine.ini]
[2024.02.18-11.17.16:328][  0]LogConfig: Setting CVar [[gc.MaxObjectsNotConsideredByGC:1]]
[2024.02.18-11.17.16:328][  0]LogConfig: Setting CVar [[gc.SizeOfPermanentObjectPool:0]]
[2024.02.18-11.17.16:328][  0]LogConfig: Setting CVar [[gc.FlushStreamingOnGC:0]]
[2024.02.18-11.17.16:328][  0]LogConfig: Setting CVar [[gc.NumRetriesBeforeForcingGC:10]]
[2024.02.18-11.17.16:328][  0]LogConfig: Setting CVar [[gc.AllowParallelGC:1]]
[2024.02.18-11.17.16:328][  0]LogConfig: Setting CVar [[gc.TimeBetweenPurgingPendingKillObjects:61.1]]
[2024.02.18-11.17.16:328][  0]LogConfig: Setting CVar [[gc.MaxObjectsInEditor:25165824]]
[2024.02.18-11.17.16:328][  0]LogConfig: Setting CVar [[gc.IncrementalBeginDestroyEnabled:1]]
[2024.02.18-11.17.16:328][  0]LogConfig: Setting CVar [[gc.CreateGCClusters:1]]
[2024.02.18-11.17.16:329][  0]LogConfig: Setting CVar [[gc.MinGCClusterSize:5]]
[2024.02.18-11.17.16:329][  0]LogConfig: Setting CVar [[gc.ActorClusteringEnabled:0]]
[2024.02.18-11.17.16:329][  0]LogConfig: Setting CVar [[gc.BlueprintClusteringEnabled:0]]
[2024.02.18-11.17.16:329][  0]LogConfig: Setting CVar [[gc.UseDisregardForGCOnDedicatedServers:0]]
[2024.02.18-11.17.16:329][  0]LogConfig: Setting CVar [[gc.MultithreadedDestructionEnabled:1]]
[2024.02.18-11.17.16:329][  0]LogConfig: Applying CVar settings from Section [/Script/Engine.NetworkSettings] File [C:/Users/croft/Documents/Unreal Projects/ZuzannaJanczakIIu5/TopShooterZuzannaJanczak/Saved/Config/Windows/Engine.ini]
[2024.02.18-11.17.16:329][  0]LogConfig: Applying CVar settings from Section [/Script/UnrealEd.CookerSettings] File [C:/Users/croft/Documents/Unreal Projects/ZuzannaJanczakIIu5/TopShooterZuzannaJanczak/Saved/Config/Windows/Engine.ini]
[2024.02.18-11.17.16:340][  0]LogConfig: Applying CVar settings from Section [ViewDistanceQuality@3] File [C:/Users/croft/Documents/Unreal Projects/ZuzannaJanczakIIu5/TopShooterZuzannaJanczak/Saved/Config/Windows/Scalability.ini]
[2024.02.18-11.17.16:340][  0]LogConfig: Setting CVar [[r.SkeletalMeshLODBias:0]]
[2024.02.18-11.17.16:340][  0]LogConfig: Setting CVar [[r.ViewDistanceScale:1.0]]
[2024.02.18-11.17.16:340][  0]LogConfig: Applying CVar settings from Section [AntiAliasingQuality@3] File [C:/Users/croft/Documents/Unreal Projects/ZuzannaJanczakIIu5/TopShooterZuzannaJanczak/Saved/Config/Windows/Scalability.ini]
[2024.02.18-11.17.16:340][  0]LogConfig: Setting CVar [[r.PostProcessAAQuality:4]]
[2024.02.18-11.17.16:340][  0]LogConfig: Applying CVar settings from Section [ShadowQuality@3] File [C:/Users/croft/Documents/Unreal Projects/ZuzannaJanczakIIu5/TopShooterZuzannaJanczak/Saved/Config/Windows/Scalability.ini]
[2024.02.18-11.17.16:340][  0]LogConfig: Setting CVar [[r.LightFunctionQuality:1]]
[2024.02.18-11.17.16:340][  0]LogConfig: Setting CVar [[r.ShadowQuality:5]]
[2024.02.18-11.17.16:340][  0]LogConfig: Setting CVar [[r.Shadow.CSM.MaxCascades:10]]
[2024.02.18-11.17.16:340][  0]LogConfig: Setting CVar [[r.Shadow.MaxResolution:2048]]
[2024.02.18-11.17.16:340][  0]LogConfig: Setting CVar [[r.Shadow.MaxCSMResolution:2048]]
[2024.02.18-11.17.16:340][  0]LogConfig: Setting CVar [[r.Shadow.RadiusThreshold:0.01]]
[2024.02.18-11.17.16:340][  0]LogConfig: Setting CVar [[r.Shadow.DistanceScale:1.0]]
[2024.02.18-11.17.16:340][  0]LogConfig: Setting CVar [[r.Shadow.CSM.TransitionScale:1.0]]
[2024.02.18-11.17.16:340][  0]LogConfig: Setting CVar [[r.Shadow.PreShadowResolutionFactor:1.0]]
[2024.02.18-11.17.16:340][  0]LogConfig: Setting CVar [[r.DistanceFieldShadowing:1]]
[2024.02.18-11.17.16:340][  0]LogConfig: Setting CVar [[r.DistanceFieldAO:1]]
[2024.02.18-11.17.16:340][  0]LogConfig: Setting CVar [[r.AOQuality:2]]
[2024.02.18-11.17.16:340][  0]LogConfig: Setting CVar [[r.VolumetricFog:1]]
[2024.02.18-11.17.16:340][  0]LogConfig: Setting CVar [[r.VolumetricFog.GridPixelSize:8]]
[2024.02.18-11.17.16:340][  0]LogConfig: Setting CVar [[r.VolumetricFog.GridSizeZ:128]]
[2024.02.18-11.17.16:340][  0]LogConfig: Setting CVar [[r.VolumetricFog.HistoryMissSupersampleCount:4]]
[2024.02.18-11.17.16:340][  0]LogConfig: Setting CVar [[r.LightMaxDrawDistanceScale:1]]
[2024.02.18-11.17.16:340][  0]LogConfig: Setting CVar [[r.CapsuleShadows:1]]
[2024.02.18-11.17.16:340][  0]LogConfig: Applying CVar settings from Section [PostProcessQuality@3] File [C:/Users/croft/Documents/Unreal Projects/ZuzannaJanczakIIu5/TopShooterZuzannaJanczak/Saved/Config/Windows/Scalability.ini]
[2024.02.18-11.17.16:340][  0]LogConfig: Setting CVar [[r.MotionBlurQuality:4]]
[2024.02.18-11.17.16:340][  0]LogConfig: Setting CVar [[r.AmbientOcclusionMipLevelFactor:0.4]]
[2024.02.18-11.17.16:340][  0]LogConfig: Setting CVar [[r.AmbientOcclusionMaxQuality:100]]
[2024.02.18-11.17.16:340][  0]LogConfig: Setting CVar [[r.AmbientOcclusionLevels:-1]]
[2024.02.18-11.17.16:340][  0]LogConfig: Setting CVar [[r.AmbientOcclusionRadiusScale:1.0]]
[2024.02.18-11.17.16:340][  0]LogConfig: Setting CVar [[r.DepthOfFieldQuality:2]]
[2024.02.18-11.17.16:340][  0]LogConfig: Setting CVar [[r.RenderTargetPoolMin:400]]
[2024.02.18-11.17.16:340][  0]LogConfig: Setting CVar [[r.LensFlareQuality:2]]
[2024.02.18-11.17.16:340][  0]LogConfig: Setting CVar [[r.SceneColorFringeQuality:1]]
[2024.02.18-11.17.16:340][  0]LogConfig: Setting CVar [[r.EyeAdaptationQuality:2]]
[2024.02.18-11.17.16:340][  0]LogConfig: Setting CVar [[r.BloomQuality:5]]
[2024.02.18-11.17.16:340][  0]LogConfig: Setting CVar [[r.FastBlurThreshold:100]]
[2024.02.18-11.17.16:340][  0]LogConfig: Setting CVar [[r.Upscale.Quality:3]]
[2024.02.18-11.17.16:340][  0]LogConfig: Setting CVar [[r.Tonemapper.GrainQuantization:1]]
[2024.02.18-11.17.16:340][  0]LogConfig: Setting CVar [[r.LightShaftQuality:1]]
[2024.02.18-11.17.16:340][  0]LogConfig: Setting CVar [[r.Filter.SizeScale:1]]
[2024.02.18-11.17.16:340][  0]LogConfig: Setting CVar [[r.Tonemapper.Quality:5]]
[2024.02.18-11.17.16:340][  0]LogConfig: Setting CVar [[r.DOF.Gather.AccumulatorQuality:1        ; higher gathering accumulator quality]]
[2024.02.18-11.17.16:340][  0]LogConfig: Setting CVar [[r.DOF.Gather.PostfilterMethod:1          ; Median3x3 postfilering method]]
[2024.02.18-11.17.16:340][  0]LogConfig: Setting CVar [[r.DOF.Gather.EnableBokehSettings:0       ; no bokeh simulation when gathering]]
[2024.02.18-11.17.16:340][  0]LogConfig: Setting CVar [[r.DOF.Gather.RingCount:4                 ; medium number of samples when gathering]]
[2024.02.18-11.17.16:340][  0]LogConfig: Setting CVar [[r.DOF.Scatter.ForegroundCompositing:1    ; additive foreground scattering]]
[2024.02.18-11.17.16:340][  0]LogConfig: Setting CVar [[r.DOF.Scatter.BackgroundCompositing:2    ; additive background scattering]]
[2024.02.18-11.17.16:340][  0]LogConfig: Setting CVar [[r.DOF.Scatter.EnableBokehSettings:1      ; bokeh simulation when scattering]]
[2024.02.18-11.17.16:340][  0]LogConfig: Setting CVar [[r.DOF.Scatter.MaxSpriteRatio:0.1         ; only a maximum of 10% of scattered bokeh]]
[2024.02.18-11.17.16:340][  0]LogConfig: Setting CVar [[r.DOF.Recombine.Quality:1                ; cheap slight out of focus]]
[2024.02.18-11.17.16:340][  0]LogConfig: Setting CVar [[r.DOF.Recombine.EnableBokehSettings:0    ; no bokeh simulation on slight out of focus]]
[2024.02.18-11.17.16:340][  0]LogConfig: Setting CVar [[r.DOF.TemporalAAQuality:1                ; more stable temporal accumulation]]
[2024.02.18-11.17.16:340][  0]LogConfig: Setting CVar [[r.DOF.Kernel.MaxForegroundRadius:0.025]]
[2024.02.18-11.17.16:340][  0]LogConfig: Setting CVar [[r.DOF.Kernel.MaxBackgroundRadius:0.025]]
[2024.02.18-11.17.16:340][  0]LogConfig: Applying CVar settings from Section [TextureQuality@3] File [C:/Users/croft/Documents/Unreal Projects/ZuzannaJanczakIIu5/TopShooterZuzannaJanczak/Saved/Config/Windows/Scalability.ini]
[2024.02.18-11.17.16:340][  0]LogConfig: Setting CVar [[r.Streaming.MipBias:0]]
[2024.02.18-11.17.16:340][  0]LogConfig: Setting CVar [[r.Streaming.AmortizeCPUToGPUCopy:0]]
[2024.02.18-11.17.16:340][  0]LogConfig: Setting CVar [[r.Streaming.MaxNumTexturesToStreamPerFrame:0]]
[2024.02.18-11.17.16:340][  0]LogConfig: Setting CVar [[r.Streaming.Boost:1]]
[2024.02.18-11.17.16:340][  0]LogConfig: Setting CVar [[r.MaxAnisotropy:8]]
[2024.02.18-11.17.16:340][  0]LogConfig: Setting CVar [[r.VT.MaxAnisotropy:8]]
[2024.02.18-11.17.16:340][  0]LogConfig: Setting CVar [[r.Streaming.LimitPoolSizeToVRAM:0]]
[2024.02.18-11.17.16:340][  0]LogConfig: Setting CVar [[r.Streaming.PoolSize:1000]]
[2024.02.18-11.17.16:340][  0]LogConfig: Setting CVar [[r.Streaming.MaxEffectiveScreenSize:0]]
[2024.02.18-11.17.16:340][  0]LogConfig: Applying CVar settings from Section [EffectsQuality@3] File [C:/Users/croft/Documents/Unreal Projects/ZuzannaJanczakIIu5/TopShooterZuzannaJanczak/Saved/Config/Windows/Scalability.ini]
[2024.02.18-11.17.16:340][  0]LogConfig: Setting CVar [[r.TranslucencyLightingVolumeDim:64]]
[2024.02.18-11.17.16:340][  0]LogConfig: Setting CVar [[r.RefractionQuality:2]]
[2024.02.18-11.17.16:340][  0]LogConfig: Setting CVar [[r.SSR.Quality:3]]
[2024.02.18-11.17.16:340][  0]LogConfig: Setting CVar [[r.SSR.HalfResSceneColor:0]]
[2024.02.18-11.17.16:340][  0]LogConfig: Setting CVar [[r.SceneColorFormat:4]]
[2024.02.18-11.17.16:340][  0]LogConfig: Setting CVar [[r.DetailMode:2]]
[2024.02.18-11.17.16:340][  0]LogConfig: Setting CVar [[r.TranslucencyVolumeBlur:1]]
[2024.02.18-11.17.16:340][  0]LogConfig: Setting CVar [[r.MaterialQualityLevel:1 ; High quality]]
[2024.02.18-11.17.16:340][  0]LogConfig: Setting CVar [[r.AnisotropicMaterials:1]]
[2024.02.18-11.17.16:340][  0]LogConfig: Setting CVar [[r.SSS.Scale:1]]
[2024.02.18-11.17.16:340][  0]LogConfig: Setting CVar [[r.SSS.SampleSet:2]]
[2024.02.18-11.17.16:340][  0]LogConfig: Setting CVar [[r.SSS.Quality:1]]
[2024.02.18-11.17.16:340][  0]LogConfig: Setting CVar [[r.SSS.HalfRes:0]]
[2024.02.18-11.17.16:340][  0]LogConfig: Setting CVar [[r.SSGI.Quality:3]]
[2024.02.18-11.17.16:340][  0]LogConfig: Setting CVar [[r.EmitterSpawnRateScale:1.0]]
[2024.02.18-11.17.16:340][  0]LogConfig: Setting CVar [[r.ParticleLightQuality:2]]
[2024.02.18-11.17.16:340][  0]LogConfig: Setting CVar [[r.SkyAtmosphere.AerialPerspectiveLUT.FastApplyOnOpaque:1 ; Always have FastSkyLUT 1 in this case to avoid wrong sky]]
[2024.02.18-11.17.16:340][  0]LogConfig: Setting CVar [[r.SkyAtmosphere.AerialPerspectiveLUT.SampleCountMaxPerSlice:4]]
[2024.02.18-11.17.16:340][  0]LogConfig: Setting CVar [[r.SkyAtmosphere.AerialPerspectiveLUT.DepthResolution:16.0]]
[2024.02.18-11.17.16:340][  0]LogConfig: Setting CVar [[r.SkyAtmosphere.FastSkyLUT:1]]
[2024.02.18-11.17.16:340][  0]LogConfig: Setting CVar [[r.SkyAtmosphere.FastSkyLUT.SampleCountMin:4.0]]
[2024.02.18-11.17.16:340][  0]LogConfig: Setting CVar [[r.SkyAtmosphere.FastSkyLUT.SampleCountMax:128.0]]
[2024.02.18-11.17.16:340][  0]LogConfig: Setting CVar [[r.SkyAtmosphere.SampleCountMin:4.0]]
[2024.02.18-11.17.16:340][  0]LogConfig: Setting CVar [[r.SkyAtmosphere.SampleCountMax:128.0]]
[2024.02.18-11.17.16:340][  0]LogConfig: Setting CVar [[r.SkyAtmosphere.TransmittanceLUT.UseSmallFormat:0]]
[2024.02.18-11.17.16:340][  0]LogConfig: Setting CVar [[r.SkyAtmosphere.TransmittanceLUT.SampleCount:10.0]]
[2024.02.18-11.17.16:340][  0]LogConfig: Setting CVar [[r.SkyAtmosphere.MultiScatteringLUT.SampleCount:15.0]]
[2024.02.18-11.17.16:340][  0]LogConfig: Setting CVar [[r.SkyLight.RealTimeReflectionCapture:1]]
[2024.02.18-11.17.16:340][  0]LogConfig: Applying CVar settings from Section [FoliageQuality@3] File [C:/Users/croft/Documents/Unreal Projects/ZuzannaJanczakIIu5/TopShooterZuzannaJanczak/Saved/Config/Windows/Scalability.ini]
[2024.02.18-11.17.16:340][  0]LogConfig: Setting CVar [[foliage.DensityScale:1.0]]
[2024.02.18-11.17.16:340][  0]LogConfig: Setting CVar [[grass.DensityScale:1.0]]
[2024.02.18-11.17.16:340][  0]LogConfig: Applying CVar settings from Section [ShadingQuality@3] File [C:/Users/croft/Documents/Unreal Projects/ZuzannaJanczakIIu5/TopShooterZuzannaJanczak/Saved/Config/Windows/Scalability.ini]
[2024.02.18-11.17.16:340][  0]LogConfig: Setting CVar [[r.HairStrands.SkyLighting.IntegrationType:2]]
[2024.02.18-11.17.16:340][  0]LogConfig: Setting CVar [[r.HairStrands.SkyAO.SampleCount:4]]
[2024.02.18-11.17.16:340][  0]LogConfig: Setting CVar [[r.HairStrands.Visibility.MSAA.SamplePerPixel:4]]
[2024.02.18-11.17.16:340][  0]LogInit: Selected Device Profile: [Windows]
[2024.02.18-11.17.16:340][  0]LogInit: Applying CVar settings loaded from the selected device profile: [Windows]
[2024.02.18-11.17.16:340][  0]LogHAL: Display: Platform has ~ 32 GB [34212798464 / 34359738368 / 32], which maps to Largest [LargestMinGB=32, LargerMinGB=12, DefaultMinGB=8, SmallerMinGB=6, SmallestMinGB=0)
[2024.02.18-11.17.16:340][  0]LogInit: Going up to parent DeviceProfile []
[2024.02.18-11.17.16:340][  0]LogConfig: Applying CVar settings from Section [ViewDistanceQuality@3] File [C:/Users/croft/Documents/Unreal Projects/ZuzannaJanczakIIu5/TopShooterZuzannaJanczak/Saved/Config/Windows/Scalability.ini]
[2024.02.18-11.17.16:340][  0]LogConfig: Setting CVar [[r.SkeletalMeshLODBias:0]]
[2024.02.18-11.17.16:340][  0]LogConfig: Setting CVar [[r.ViewDistanceScale:1.0]]
[2024.02.18-11.17.16:340][  0]LogConfig: Applying CVar settings from Section [AntiAliasingQuality@3] File [C:/Users/croft/Documents/Unreal Projects/ZuzannaJanczakIIu5/TopShooterZuzannaJanczak/Saved/Config/Windows/Scalability.ini]
[2024.02.18-11.17.16:340][  0]LogConfig: Setting CVar [[r.PostProcessAAQuality:4]]
[2024.02.18-11.17.16:340][  0]LogConfig: Applying CVar settings from Section [ShadowQuality@3] File [C:/Users/croft/Documents/Unreal Projects/ZuzannaJanczakIIu5/TopShooterZuzannaJanczak/Saved/Config/Windows/Scalability.ini]
[2024.02.18-11.17.16:340][  0]LogConfig: Setting CVar [[r.LightFunctionQuality:1]]
[2024.02.18-11.17.16:340][  0]LogConfig: Setting CVar [[r.ShadowQuality:5]]
[2024.02.18-11.17.16:340][  0]LogConfig: Setting CVar [[r.Shadow.CSM.MaxCascades:10]]
[2024.02.18-11.17.16:340][  0]LogConfig: Setting CVar [[r.Shadow.MaxResolution:2048]]
[2024.02.18-11.17.16:340][  0]LogConfig: Setting CVar [[r.Shadow.MaxCSMResolution:2048]]
[2024.02.18-11.17.16:340][  0]LogConfig: Setting CVar [[r.Shadow.RadiusThreshold:0.01]]
[2024.02.18-11.17.16:340][  0]LogConfig: Setting CVar [[r.Shadow.DistanceScale:1.0]]
[2024.02.18-11.17.16:340][  0]LogConfig: Setting CVar [[r.Shadow.CSM.TransitionScale:1.0]]
[2024.02.18-11.17.16:340][  0]LogConfig: Setting CVar [[r.Shadow.PreShadowResolutionFactor:1.0]]
[2024.02.18-11.17.16:340][  0]LogConfig: Setting CVar [[r.DistanceFieldShadowing:1]]
[2024.02.18-11.17.16:341][  0]LogConfig: Setting CVar [[r.DistanceFieldAO:1]]
[2024.02.18-11.17.16:341][  0]LogConfig: Setting CVar [[r.AOQuality:2]]
[2024.02.18-11.17.16:341][  0]LogConfig: Setting CVar [[r.VolumetricFog:1]]
[2024.02.18-11.17.16:341][  0]LogConfig: Setting CVar [[r.VolumetricFog.GridPixelSize:8]]
[2024.02.18-11.17.16:341][  0]LogConfig: Setting CVar [[r.VolumetricFog.GridSizeZ:128]]
[2024.02.18-11.17.16:341][  0]LogConfig: Setting CVar [[r.VolumetricFog.HistoryMissSupersampleCount:4]]
[2024.02.18-11.17.16:341][  0]LogConfig: Setting CVar [[r.LightMaxDrawDistanceScale:1]]
[2024.02.18-11.17.16:341][  0]LogConfig: Setting CVar [[r.CapsuleShadows:1]]
[2024.02.18-11.17.16:341][  0]LogConfig: Applying CVar settings from Section [PostProcessQuality@3] File [C:/Users/croft/Documents/Unreal Projects/ZuzannaJanczakIIu5/TopShooterZuzannaJanczak/Saved/Config/Windows/Scalability.ini]
[2024.02.18-11.17.16:341][  0]LogConfig: Setting CVar [[r.MotionBlurQuality:4]]
[2024.02.18-11.17.16:341][  0]LogConfig: Setting CVar [[r.AmbientOcclusionMipLevelFactor:0.4]]
[2024.02.18-11.17.16:341][  0]LogConfig: Setting CVar [[r.AmbientOcclusionMaxQuality:100]]
[2024.02.18-11.17.16:341][  0]LogConfig: Setting CVar [[r.AmbientOcclusionLevels:-1]]
[2024.02.18-11.17.16:341][  0]LogConfig: Setting CVar [[r.AmbientOcclusionRadiusScale:1.0]]
[2024.02.18-11.17.16:341][  0]LogConfig: Setting CVar [[r.DepthOfFieldQuality:2]]
[2024.02.18-11.17.16:341][  0]LogConfig: Setting CVar [[r.RenderTargetPoolMin:400]]
[2024.02.18-11.17.16:341][  0]LogConfig: Setting CVar [[r.LensFlareQuality:2]]
[2024.02.18-11.17.16:341][  0]LogConfig: Setting CVar [[r.SceneColorFringeQuality:1]]
[2024.02.18-11.17.16:341][  0]LogConfig: Setting CVar [[r.EyeAdaptationQuality:2]]
[2024.02.18-11.17.16:341][  0]LogConfig: Setting CVar [[r.BloomQuality:5]]
[2024.02.18-11.17.16:341][  0]LogConfig: Setting CVar [[r.FastBlurThreshold:100]]
[2024.02.18-11.17.16:341][  0]LogConfig: Setting CVar [[r.Upscale.Quality:3]]
[2024.02.18-11.17.16:341][  0]LogConfig: Setting CVar [[r.Tonemapper.GrainQuantization:1]]
[2024.02.18-11.17.16:341][  0]LogConfig: Setting CVar [[r.LightShaftQuality:1]]
[2024.02.18-11.17.16:341][  0]LogConfig: Setting CVar [[r.Filter.SizeScale:1]]
[2024.02.18-11.17.16:341][  0]LogConfig: Setting CVar [[r.Tonemapper.Quality:5]]
[2024.02.18-11.17.16:341][  0]LogConfig: Setting CVar [[r.DOF.Gather.AccumulatorQuality:1        ; higher gathering accumulator quality]]
[2024.02.18-11.17.16:341][  0]LogConfig: Setting CVar [[r.DOF.Gather.PostfilterMethod:1          ; Median3x3 postfilering method]]
[2024.02.18-11.17.16:341][  0]LogConfig: Setting CVar [[r.DOF.Gather.EnableBokehSettings:0       ; no bokeh simulation when gathering]]
[2024.02.18-11.17.16:341][  0]LogConfig: Setting CVar [[r.DOF.Gather.RingCount:4                 ; medium number of samples when gathering]]
[2024.02.18-11.17.16:341][  0]LogConfig: Setting CVar [[r.DOF.Scatter.ForegroundCompositing:1    ; additive foreground scattering]]
[2024.02.18-11.17.16:341][  0]LogConfig: Setting CVar [[r.DOF.Scatter.BackgroundCompositing:2    ; additive background scattering]]
[2024.02.18-11.17.16:341][  0]LogConfig: Setting CVar [[r.DOF.Scatter.EnableBokehSettings:1      ; bokeh simulation when scattering]]
[2024.02.18-11.17.16:341][  0]LogConfig: Setting CVar [[r.DOF.Scatter.MaxSpriteRatio:0.1         ; only a maximum of 10% of scattered bokeh]]
[2024.02.18-11.17.16:341][  0]LogConfig: Setting CVar [[r.DOF.Recombine.Quality:1                ; cheap slight out of focus]]
[2024.02.18-11.17.16:341][  0]LogConfig: Setting CVar [[r.DOF.Recombine.EnableBokehSettings:0    ; no bokeh simulation on slight out of focus]]
[2024.02.18-11.17.16:341][  0]LogConfig: Setting CVar [[r.DOF.TemporalAAQuality:1                ; more stable temporal accumulation]]
[2024.02.18-11.17.16:341][  0]LogConfig: Setting CVar [[r.DOF.Kernel.MaxForegroundRadius:0.025]]
[2024.02.18-11.17.16:341][  0]LogConfig: Setting CVar [[r.DOF.Kernel.MaxBackgroundRadius:0.025]]
[2024.02.18-11.17.16:341][  0]LogConfig: Applying CVar settings from Section [TextureQuality@3] File [C:/Users/croft/Documents/Unreal Projects/ZuzannaJanczakIIu5/TopShooterZuzannaJanczak/Saved/Config/Windows/Scalability.ini]
[2024.02.18-11.17.16:341][  0]LogConfig: Setting CVar [[r.Streaming.MipBias:0]]
[2024.02.18-11.17.16:341][  0]LogConfig: Setting CVar [[r.Streaming.AmortizeCPUToGPUCopy:0]]
[2024.02.18-11.17.16:341][  0]LogConfig: Setting CVar [[r.Streaming.MaxNumTexturesToStreamPerFrame:0]]
[2024.02.18-11.17.16:341][  0]LogConfig: Setting CVar [[r.Streaming.Boost:1]]
[2024.02.18-11.17.16:341][  0]LogConfig: Setting CVar [[r.MaxAnisotropy:8]]
[2024.02.18-11.17.16:341][  0]LogConfig: Setting CVar [[r.VT.MaxAnisotropy:8]]
[2024.02.18-11.17.16:341][  0]LogConfig: Setting CVar [[r.Streaming.LimitPoolSizeToVRAM:0]]
[2024.02.18-11.17.16:341][  0]LogConfig: Setting CVar [[r.Streaming.PoolSize:1000]]
[2024.02.18-11.17.16:341][  0]LogConfig: Setting CVar [[r.Streaming.MaxEffectiveScreenSize:0]]
[2024.02.18-11.17.16:341][  0]LogConfig: Applying CVar settings from Section [EffectsQuality@3] File [C:/Users/croft/Documents/Unreal Projects/ZuzannaJanczakIIu5/TopShooterZuzannaJanczak/Saved/Config/Windows/Scalability.ini]
[2024.02.18-11.17.16:341][  0]LogConfig: Setting CVar [[r.TranslucencyLightingVolumeDim:64]]
[2024.02.18-11.17.16:341][  0]LogConfig: Setting CVar [[r.RefractionQuality:2]]
[2024.02.18-11.17.16:341][  0]LogConfig: Setting CVar [[r.SSR.Quality:3]]
[2024.02.18-11.17.16:341][  0]LogConfig: Setting CVar [[r.SSR.HalfResSceneColor:0]]
[2024.02.18-11.17.16:341][  0]LogConfig: Setting CVar [[r.SceneColorFormat:4]]
[2024.02.18-11.17.16:341][  0]LogConfig: Setting CVar [[r.DetailMode:2]]
[2024.02.18-11.17.16:341][  0]LogConfig: Setting CVar [[r.TranslucencyVolumeBlur:1]]
[2024.02.18-11.17.16:341][  0]LogConfig: Setting CVar [[r.MaterialQualityLevel:1 ; High quality]]
[2024.02.18-11.17.16:341][  0]LogConfig: Setting CVar [[r.AnisotropicMaterials:1]]
[2024.02.18-11.17.16:341][  0]LogConfig: Setting CVar [[r.SSS.Scale:1]]
[2024.02.18-11.17.16:341][  0]LogConfig: Setting CVar [[r.SSS.SampleSet:2]]
[2024.02.18-11.17.16:341][  0]LogConfig: Setting CVar [[r.SSS.Quality:1]]
[2024.02.18-11.17.16:341][  0]LogConfig: Setting CVar [[r.SSS.HalfRes:0]]
[2024.02.18-11.17.16:341][  0]LogConfig: Setting CVar [[r.SSGI.Quality:3]]
[2024.02.18-11.17.16:341][  0]LogConfig: Setting CVar [[r.EmitterSpawnRateScale:1.0]]
[2024.02.18-11.17.16:341][  0]LogConfig: Setting CVar [[r.ParticleLightQuality:2]]
[2024.02.18-11.17.16:341][  0]LogConfig: Setting CVar [[r.SkyAtmosphere.AerialPerspectiveLUT.FastApplyOnOpaque:1 ; Always have FastSkyLUT 1 in this case to avoid wrong sky]]
[2024.02.18-11.17.16:341][  0]LogConfig: Setting CVar [[r.SkyAtmosphere.AerialPerspectiveLUT.SampleCountMaxPerSlice:4]]
[2024.02.18-11.17.16:341][  0]LogConfig: Setting CVar [[r.SkyAtmosphere.AerialPerspectiveLUT.DepthResolution:16.0]]
[2024.02.18-11.17.16:341][  0]LogConfig: Setting CVar [[r.SkyAtmosphere.FastSkyLUT:1]]
[2024.02.18-11.17.16:341][  0]LogConfig: Setting CVar [[r.SkyAtmosphere.FastSkyLUT.SampleCountMin:4.0]]
[2024.02.18-11.17.16:341][  0]LogConfig: Setting CVar [[r.SkyAtmosphere.FastSkyLUT.SampleCountMax:128.0]]
[2024.02.18-11.17.16:341][  0]LogConfig: Setting CVar [[r.SkyAtmosphere.SampleCountMin:4.0]]
[2024.02.18-11.17.16:341][  0]LogConfig: Setting CVar [[r.SkyAtmosphere.SampleCountMax:128.0]]
[2024.02.18-11.17.16:341][  0]LogConfig: Setting CVar [[r.SkyAtmosphere.TransmittanceLUT.UseSmallFormat:0]]
[2024.02.18-11.17.16:341][  0]LogConfig: Setting CVar [[r.SkyAtmosphere.TransmittanceLUT.SampleCount:10.0]]
[2024.02.18-11.17.16:341][  0]LogConfig: Setting CVar [[r.SkyAtmosphere.MultiScatteringLUT.SampleCount:15.0]]
[2024.02.18-11.17.16:341][  0]LogConfig: Setting CVar [[r.SkyLight.RealTimeReflectionCapture:1]]
[2024.02.18-11.17.16:341][  0]LogConfig: Applying CVar settings from Section [FoliageQuality@3] File [C:/Users/croft/Documents/Unreal Projects/ZuzannaJanczakIIu5/TopShooterZuzannaJanczak/Saved/Config/Windows/Scalability.ini]
[2024.02.18-11.17.16:341][  0]LogConfig: Setting CVar [[foliage.DensityScale:1.0]]
[2024.02.18-11.17.16:341][  0]LogConfig: Setting CVar [[grass.DensityScale:1.0]]
[2024.02.18-11.17.16:341][  0]LogConfig: Applying CVar settings from Section [ShadingQuality@3] File [C:/Users/croft/Documents/Unreal Projects/ZuzannaJanczakIIu5/TopShooterZuzannaJanczak/Saved/Config/Windows/Scalability.ini]
[2024.02.18-11.17.16:341][  0]LogConfig: Setting CVar [[r.HairStrands.SkyLighting.IntegrationType:2]]
[2024.02.18-11.17.16:341][  0]LogConfig: Setting CVar [[r.HairStrands.SkyAO.SampleCount:4]]
[2024.02.18-11.17.16:341][  0]LogConfig: Setting CVar [[r.HairStrands.Visibility.MSAA.SamplePerPixel:4]]
[2024.02.18-11.17.16:341][  0]LogConfig: Applying CVar settings from Section [Startup] File [../../../Engine/Config/ConsoleVariables.ini]
[2024.02.18-11.17.16:341][  0]LogConfig: Setting CVar [[net.UseAdaptiveNetUpdateFrequency:0]]
[2024.02.18-11.17.16:341][  0]LogConfig: Setting CVar [[p.chaos.AllowCreatePhysxBodies:1]]
[2024.02.18-11.17.16:341][  0]LogConfig: Setting CVar [[fx.SkipVectorVMBackendOptimizations:1]]
[2024.02.18-11.17.16:341][  0]LogConfig: Applying CVar settings from Section [ConsoleVariables] File [C:/Users/croft/Documents/Unreal Projects/ZuzannaJanczakIIu5/TopShooterZuzannaJanczak/Saved/Config/Windows/Engine.ini]
[2024.02.18-11.17.16:341][  0]LogConfig: Applying CVar settings from Section [ConsoleVariables] File [C:/Users/croft/Documents/Unreal Projects/ZuzannaJanczakIIu5/TopShooterZuzannaJanczak/Saved/Config/Windows/Editor.ini]
[2024.02.18-11.17.16:341][  0]LogInit: Computer: WENUS
[2024.02.18-11.17.16:341][  0]LogInit: User: croft
[2024.02.18-11.17.16:341][  0]LogInit: CPU Page size=4096, Cores=12
[2024.02.18-11.17.16:341][  0]LogInit: High frequency timer resolution =10.000000 MHz
[2024.02.18-11.17.16:341][  0]LogMemory: Memory total: Physical=31.9GB (32GB approx)
[2024.02.18-11.17.16:341][  0]LogMemory: Platform Memory Stats for Windows
[2024.02.18-11.17.16:341][  0]LogMemory: Process Physical Memory: 150.34 MB used, 150.34 MB peak
[2024.02.18-11.17.16:341][  0]LogMemory: Process Virtual Memory: 134.57 MB used, 134.57 MB peak
[2024.02.18-11.17.16:341][  0]LogMemory: Physical Memory: 11314.84 MB used,  21313.03 MB free, 32627.87 MB total
[2024.02.18-11.17.16:341][  0]LogMemory: Virtual Memory: 134194680.00 MB used,  23051.07 MB free, 134217728.00 MB total
[2024.02.18-11.17.16:345][  0]LogWindows: WindowsPlatformFeatures enabled
[2024.02.18-11.17.16:371][  0]LogInit: Physics initialised using underlying interface: PhysX
[2024.02.18-11.17.16:372][  0]LogInit: Using OS detected language (pl-PL).
[2024.02.18-11.17.16:372][  0]LogInit: Using OS detected locale (pl-PL).
[2024.02.18-11.17.16:373][  0]LogTextLocalizationManager: No specific localization for 'pl-PL' exists, so the 'pl' localization will be used.
[2024.02.18-11.17.16:373][  0]LogTextLocalizationResource: LocRes '../../../Engine/Content/Localization/Editor/pl/Editor.locres' could not be opened for reading!
[2024.02.18-11.17.16:373][  0]LogTextLocalizationResource: LocRes '../../../Engine/Content/Localization/EditorTutorials/pl/EditorTutorials.locres' could not be opened for reading!
[2024.02.18-11.17.16:373][  0]LogTextLocalizationResource: LocRes '../../../Engine/Content/Localization/Keywords/pl/Keywords.locres' could not be opened for reading!
[2024.02.18-11.17.16:373][  0]LogTextLocalizationResource: LocRes '../../../Engine/Content/Localization/Category/pl/Category.locres' could not be opened for reading!
[2024.02.18-11.17.16:373][  0]LogTextLocalizationResource: LocRes '../../../Engine/Content/Localization/ToolTips/pl/ToolTips.locres' could not be opened for reading!
[2024.02.18-11.17.16:373][  0]LogTextLocalizationResource: LocRes '../../../Engine/Content/Localization/PropertyNames/pl/PropertyNames.locres' could not be opened for reading!
[2024.02.18-11.17.16:373][  0]LogTextLocalizationResource: LocRes '../../../Engine/Content/Localization/Engine/pl/Engine.locres' could not be opened for reading!
[2024.02.18-11.17.16:373][  0]LogInit: Setting process to per monitor DPI aware
[2024.02.18-11.17.16:380][  0]LogWindowsTextInputMethodSystem: Display: IME system deactivated.
[2024.02.18-11.17.16:385][  0]LogSlate: New Slate User Created.  User Index 0, Is Virtual User: 0
[2024.02.18-11.17.16:385][  0]LogSlate: Slate User Registered.  User Index 0, Is Virtual User: 0
[2024.02.18-11.17.16:440][  0]LogD3D11RHI: Loaded GFSDK_Aftermath_Lib.x64.dll
[2024.02.18-11.17.16:441][  0]LogHMD: Failed to initialize OpenVR with code 110
[2024.02.18-11.17.16:441][  0]LogD3D11RHI: D3D11 min allowed feature level: 11_0
[2024.02.18-11.17.16:441][  0]LogD3D11RHI: D3D11 max allowed feature level: 11_0
[2024.02.18-11.17.16:441][  0]LogD3D11RHI: D3D11 adapters:
[2024.02.18-11.17.16:543][  0]LogD3D11RHI:    0. 'NVIDIA GeForce RTX 3060' (Feature Level 11_0)
[2024.02.18-11.17.16:543][  0]LogD3D11RHI:       12129/0/16313 MB DedicatedVideo/DedicatedSystem/SharedSystem, Outputs:1, VendorId:0x10de
[2024.02.18-11.17.16:545][  0]LogD3D11RHI:    1. 'Microsoft Basic Render Driver' (Feature Level 11_0)
[2024.02.18-11.17.16:545][  0]LogD3D11RHI:       0/0/16313 MB DedicatedVideo/DedicatedSystem/SharedSystem, Outputs:0, VendorId:0x1414
[2024.02.18-11.17.16:545][  0]LogD3D11RHI: Chosen D3D11 Adapter:
[2024.02.18-11.17.16:545][  0]LogD3D11RHI:     Description : NVIDIA GeForce RTX 3060
[2024.02.18-11.17.16:545][  0]LogD3D11RHI:     VendorId    : 10de
[2024.02.18-11.17.16:545][  0]LogD3D11RHI:     DeviceId    : 2504
[2024.02.18-11.17.16:545][  0]LogD3D11RHI:     SubSysId    : 881d1043
[2024.02.18-11.17.16:545][  0]LogD3D11RHI:     Revision    : 00a1
[2024.02.18-11.17.16:545][  0]LogD3D11RHI:     DedicatedVideoMemory : 12718178304 bytes
[2024.02.18-11.17.16:545][  0]LogD3D11RHI:     DedicatedSystemMemory : 0 bytes
[2024.02.18-11.17.16:545][  0]LogD3D11RHI:     SharedSystemMemory : 17106399232 bytes
[2024.02.18-11.17.16:545][  0]LogD3D11RHI:     AdapterLuid : 0 63309
[2024.02.18-11.17.16:550][  0]LogD3D11RHI: Creating new Direct3DDevice
[2024.02.18-11.17.16:550][  0]LogD3D11RHI:     GPU DeviceId: 0x2504 (for the marketing name, search the web for "GPU Device Id")
[2024.02.18-11.17.16:550][  0]LogWindows: EnumDisplayDevices:
[2024.02.18-11.17.16:550][  0]LogWindows:    0. 'NVIDIA GeForce RTX 3060' (P:1 D:1)
[2024.02.18-11.17.16:550][  0]LogWindows:    1. 'NVIDIA GeForce RTX 3060' (P:0 D:0)
[2024.02.18-11.17.16:550][  0]LogWindows:    2. 'NVIDIA GeForce RTX 3060' (P:0 D:0)
[2024.02.18-11.17.16:550][  0]LogWindows:    3. 'NVIDIA GeForce RTX 3060' (P:0 D:0)
[2024.02.18-11.17.16:550][  0]LogWindows: DebugString: FoundDriverCount:4 
[2024.02.18-11.17.16:550][  0]LogD3D11RHI:     Adapter Name: NVIDIA GeForce RTX 3060
[2024.02.18-11.17.16:550][  0]LogD3D11RHI:   Driver Version: 536.23 (internal:31.0.15.3623, unified:536.23)
[2024.02.18-11.17.16:550][  0]LogD3D11RHI:      Driver Date: 6-8-2023
[2024.02.18-11.17.16:550][  0]LogRHI: Texture pool is 8490 MB (70% of 12129 MB)
[2024.02.18-11.17.16:550][  0]LogD3D11RHI: Creating D3DDevice using adapter:
[2024.02.18-11.17.16:550][  0]LogD3D11RHI:     Description : NVIDIA GeForce RTX 3060
[2024.02.18-11.17.16:550][  0]LogD3D11RHI:     VendorId    : 10de
[2024.02.18-11.17.16:550][  0]LogD3D11RHI:     DeviceId    : 2504
[2024.02.18-11.17.16:550][  0]LogD3D11RHI:     SubSysId    : 881d1043
[2024.02.18-11.17.16:550][  0]LogD3D11RHI:     Revision    : 00a1
[2024.02.18-11.17.16:550][  0]LogD3D11RHI:     DedicatedVideoMemory : 12718178304 bytes
[2024.02.18-11.17.16:550][  0]LogD3D11RHI:     DedicatedSystemMemory : 0 bytes
[2024.02.18-11.17.16:550][  0]LogD3D11RHI:     SharedSystemMemory : 17106399232 bytes
[2024.02.18-11.17.16:550][  0]LogD3D11RHI:     AdapterLuid : 0 63309
[2024.02.18-11.17.16:621][  0]LogD3D11RHI: RHI has support for 64 bit atomics
[2024.02.18-11.17.16:621][  0]LogD3D11RHI: Async texture creation enabled
[2024.02.18-11.17.16:621][  0]LogD3D11RHI: Array index from any shader is supported
[2024.02.18-11.17.16:622][  0]LogD3D11RHI: HDR output is supported on display 0 (NvId: 0x80061080).
[2024.02.18-11.17.16:633][  0]LogD3D11RHI: GPU Timing Frequency: 1000.000000 (Debug: 2 1)
[2024.02.18-11.17.16:648][  0]LogRHI: GeForceNow SDK initialized: 1
[2024.02.18-11.17.16:818][  0]LogTargetPlatformManager: Display: Loaded TargetPlatform 'AllDesktop'
[2024.02.18-11.17.16:830][  0]LogTargetPlatformManager: Display: Loaded TargetPlatform 'Android'
[2024.02.18-11.17.16:830][  0]LogTargetPlatformManager: Display: Loaded TargetPlatform 'Android_ASTC'
[2024.02.18-11.17.16:830][  0]LogTargetPlatformManager: Display: Loaded TargetPlatform 'Android_DXT'
[2024.02.18-11.17.16:830][  0]LogTargetPlatformManager: Display: Loaded TargetPlatform 'Android_ETC2'
[2024.02.18-11.17.16:830][  0]LogTargetPlatformManager: Display: Loaded TargetPlatform 'AndroidClient'
[2024.02.18-11.17.16:830][  0]LogTargetPlatformManager: Display: Loaded TargetPlatform 'Android_ASTCClient'
[2024.02.18-11.17.16:830][  0]LogTargetPlatformManager: Display: Loaded TargetPlatform 'Android_DXTClient'
[2024.02.18-11.17.16:830][  0]LogTargetPlatformManager: Display: Loaded TargetPlatform 'Android_ETC2Client'
[2024.02.18-11.17.16:830][  0]LogTargetPlatformManager: Display: Loaded TargetPlatform 'Android_Multi'
[2024.02.18-11.17.16:830][  0]LogTargetPlatformManager: Display: Loaded TargetPlatform 'Android_MultiClient'
[2024.02.18-11.17.16:840][  0]LogTargetPlatformManager: Display: Loaded TargetPlatform 'IOSClient'
[2024.02.18-11.17.16:840][  0]LogTargetPlatformManager: Display: Loaded TargetPlatform 'IOS'
[2024.02.18-11.17.16:845][  0]LogTargetPlatformManager: Display: Loaded TargetPlatform 'Linux'
[2024.02.18-11.17.16:848][  0]LogTargetPlatformManager: Display: Loaded TargetPlatform 'LinuxNoEditor'
[2024.02.18-11.17.16:850][  0]LogTargetPlatformManager: Display: Loaded TargetPlatform 'LinuxClient'
[2024.02.18-11.17.16:853][  0]LogTargetPlatformManager: Display: Loaded TargetPlatform 'LinuxServer'
[2024.02.18-11.17.16:858][  0]LogTargetPlatformManager: Display: Loaded TargetPlatform 'LinuxAArch64NoEditor'
[2024.02.18-11.17.16:860][  0]LogTargetPlatformManager: Display: Loaded TargetPlatform 'LinuxAArch64Client'
[2024.02.18-11.17.16:863][  0]LogTargetPlatformManager: Display: Loaded TargetPlatform 'LinuxAArch64Server'
[2024.02.18-11.17.16:876][  0]LogTargetPlatformManager: Display: Loaded TargetPlatform 'Lumin'
[2024.02.18-11.17.16:876][  0]LogTargetPlatformManager: Display: Loaded TargetPlatform 'LuminClient'
[2024.02.18-11.17.16:880][  0]LogTargetPlatformManager: Display: Loaded TargetPlatform 'MacNoEditor'
[2024.02.18-11.17.16:883][  0]LogTargetPlatformManager: Display: Loaded TargetPlatform 'Mac'
[2024.02.18-11.17.16:885][  0]LogTargetPlatformManager: Display: Loaded TargetPlatform 'MacClient'
[2024.02.18-11.17.16:887][  0]LogTargetPlatformManager: Display: Loaded TargetPlatform 'MacServer'
[2024.02.18-11.17.16:892][  0]LogTargetPlatformManager: Display: Loaded TargetPlatform 'TVOSClient'
[2024.02.18-11.17.16:892][  0]LogTargetPlatformManager: Display: Loaded TargetPlatform 'TVOS'
[2024.02.18-11.17.16:897][  0]LogTargetPlatformManager: Display: Loaded TargetPlatform 'WindowsNoEditor'
[2024.02.18-11.17.16:899][  0]LogTargetPlatformManager: Display: Loaded TargetPlatform 'Windows'
[2024.02.18-11.17.16:901][  0]LogTargetPlatformManager: Display: Loaded TargetPlatform 'WindowsClient'
[2024.02.18-11.17.16:904][  0]LogTargetPlatformManager: Display: Loaded TargetPlatform 'WindowsServer'
[2024.02.18-11.17.16:904][  0]LogTargetPlatformManager: Display: Building Assets For Windows
[2024.02.18-11.17.16:907][  0]LogAudioDebug: Display: Lib vorbis DLL was dynamically loaded.
[2024.02.18-11.17.16:923][  0]LogTextureFormatOodle: Display: Oodle Texture 2.9.0 init RDO Off
[2024.02.18-11.17.16:939][  0]LogRendererCore: Ray tracing is disabled. Reason: r.RayTracing=0.
[2024.02.18-11.17.16:939][  0]LogShaderCompilers: Guid format shader working directory is -38 characters bigger than the processId version (C:/Users/croft/Documents/Unreal Projects/ZuzannaJanczakIIu5/TopShooterZuzannaJanczak/Intermediate/Shaders/WorkingDirectory/8764/).
[2024.02.18-11.17.16:939][  0]LogShaderCompilers: Cleaned the shader compiler working directory 'C:/Users/croft/AppData/Local/Temp/UnrealShaderWorkingDir/FD7CE0744EFDB015900B078F257175C3/'.
[2024.02.18-11.17.16:939][  0]LogXGEController: Cannot use XGE Controller as Incredibuild is not installed on this machine.
[2024.02.18-11.17.16:939][  0]LogShaderCompilers: Cannot use XGE Shader Compiler as Incredibuild is not installed on this machine.
[2024.02.18-11.17.16:939][  0]LogShaderCompilers: Display: Using Local Shader Compiler.
[2024.02.18-11.17.17:431][  0]LogDerivedDataCache: Display: Max Cache Size: 512 MB
[2024.02.18-11.17.17:464][  0]LogDerivedDataCache: Loaded boot cache 0.03s 94MB C:/Users/croft/AppData/Local/UnrealEngine/4.27/DerivedDataCache/Boot.ddc.
[2024.02.18-11.17.17:464][  0]LogDerivedDataCache: Display: Loaded Boot cache: C:/Users/croft/AppData/Local/UnrealEngine/4.27/DerivedDataCache/Boot.ddc
[2024.02.18-11.17.17:464][  0]LogDerivedDataCache: FDerivedDataBackendGraph:  Pak pak cache file C:/Users/croft/Documents/Unreal Projects/ZuzannaJanczakIIu5/TopShooterZuzannaJanczak/DerivedDataCache/DDC.ddp not found, will not use a pak cache.
[2024.02.18-11.17.17:464][  0]LogDerivedDataCache: Unable to find inner node Pak for hierarchical cache Hierarchy.
[2024.02.18-11.17.17:464][  0]LogDerivedDataCache: FDerivedDataBackendGraph:  CompressedPak pak cache file C:/Users/croft/Documents/Unreal Projects/ZuzannaJanczakIIu5/TopShooterZuzannaJanczak/DerivedDataCache/Compressed.ddp not found, will not use a pak cache.
[2024.02.18-11.17.17:464][  0]LogDerivedDataCache: Unable to find inner node CompressedPak for hierarchical cache Hierarchy.
[2024.02.18-11.17.17:476][  0]LogDerivedDataCache: Display: Pak cache opened for reading ../../../Engine/DerivedDataCache/Compressed.ddp.
[2024.02.18-11.17.17:476][  0]LogDerivedDataCache: FDerivedDataBackendGraph:  EnterprisePak pak cache file ../../../Enterprise/DerivedDataCache/Compressed.ddp not found, will not use a pak cache.
[2024.02.18-11.17.17:476][  0]LogDerivedDataCache: Unable to find inner node EnterprisePak for hierarchical cache Hierarchy.
[2024.02.18-11.17.17:480][  0]LogDerivedDataCache: Speed tests for C:/Users/croft/AppData/Local/UnrealEngine/Common/DerivedDataCache took 0.00 seconds
[2024.02.18-11.17.17:480][  0]LogDerivedDataCache: Display: Performance to C:/Users/croft/AppData/Local/UnrealEngine/Common/DerivedDataCache: Latency=0.02ms. RandomReadSpeed=2575.31MBs, RandomWriteSpeed=312.13MBs. Assigned SpeedClass 'Local'
[2024.02.18-11.17.17:480][  0]LogDerivedDataCache: Using Local data cache path C:/Users/croft/AppData/Local/UnrealEngine/Common/DerivedDataCache: Writable
[2024.02.18-11.17.17:480][  0]LogDerivedDataCache: Shared data cache path not found in *engine.ini, will not use an Shared cache.
[2024.02.18-11.17.17:480][  0]LogDerivedDataCache: Unable to find inner node Shared for hierarchical cache Hierarchy.
[2024.02.18-11.17.17:507][  0]LogSlate: Using FreeType 2.10.0
[2024.02.18-11.17.17:507][  0]LogSlate: SlateFontServices - WITH_FREETYPE: 1, WITH_HARFBUZZ: 1
[2024.02.18-11.17.17:529][  0]LogAssetRegistry: FAssetRegistry took 0.0016 seconds to start up
[2024.02.18-11.17.17:660][  0]LogInit: Selected Device Profile: [Windows]
[2024.02.18-11.17.17:660][  0]LogInit: Active device profile: [000001B8225D7400][000001B818AB0580 49] Windows
[2024.02.18-11.17.17:660][  0]LogInit: Profiles: [000001B8225D7400][000001B818AB0580 49] Windows, [000001B82258CE00][000001B817CAE700 49] WindowsNoEditor, [000001B8225D4E00][000001B817CB2880 49] WindowsServer, [000001B82258EC00][000001B817CAA9C0 49] WindowsClient, [000001B8225D6B00][000001B817CB6B00 49] IOS, [000001B82258D700][000001B817CBAC40 49] iPadAir, [000001B8225D5600][000001B817CBED80 49] iPadAir2, [000001B822517A00][000001B817CCB040 49] IPadPro, [000001B822517B00][000001B817CC7080 49] iPadAir3, [000001B8225D6500][000001B817749200 49] iPadAir4, [000001B822515300][000001B81774D380 49] iPadMini2, [000001B8225D7A00][000001B817751500 49] iPadMini3, [000001B822516600][000001B817755680 49] iPadMini4, [000001B8225D4700][000001B817759800 49] iPadMini5, [000001B822567300][000001B817761AC0 49] iPhone6, [000001B822567400][000001B81775DB00 49] iPodTouch6, [000001B822514400][000001B817768240 49] iPhone7, [000001B822514300][000001B817764280 49] iPodTouch7, [000001B822565200][000001B81776C400 49] iPhone5S, [000001B822514C00][000001B817770580 49] iPhone6Plus, [000001B822566700][000001B817774700 49] iPhone6S, [000001B822515100][000001B817778880 49] iPhone6SPlus, [000001B822565A00][000001B81777CA00 49] iPhone7Plus, [000001B822516300][000001B817CC2B40 49] iPhoneSE, [000001B822566000][000001B817780C80 49] iPhone8, [000001B822516E00][000001B817784DC0 49] iPhone8Plus, [000001B822566F00][000001B817788F00 49] iPhoneX, [000001B822514900][000001B818821080 49] iPhoneXS, [000001B822564200][000001B818825200 49] iPhoneXSMax, [000001B822517300][000001B818829380 49] iPhoneXR, [000001B822565300][000001B81882D500 49] iPhone11, [000001B822514200][000001B818831680 49] iPhone11Pro, [000001B822564D00][000001B818835800 49] iPhone11ProMax, [000001B822517500][000001B818839980 49] iPhoneSE2, [000001B822566400][000001B818857B00 49] iPhone12Mini, [000001B822514A00][000001B81885A100 49] iPhone12, [000001B822567B00][000001B81885E280 49] iPhone12Pro, [000001B822515D00][000001B818862400 49] iPhone12ProMax, [000001B822566800][000001B818866580 49] iPadPro105, [000001B822515800][000001B81886A700 49] iPadPro129, [000001B822564C00][000001B81886E880 49] iPadPro97, [000001B822515600][000001B818872A00 49] iPadPro2_129, [000001B822567600][000001B818876B80 49] iPad5, [000001B822516900][000001B81887AD00 49] iPad6, [000001B822566D00][000001B81778CE40 49] iPad7, [000001B822516B00][000001B81887EF80 49] iPad8, [000001B822565D00][000001B8188830C0 49] iPadPro11, [000001B822514500][000001B81888B240 49] iPadPro2_11, [000001B822564700][000001B81888F3C0 49] iPadPro3_129, [000001B822517700][000001B818893540 49] iPadPro4_129, [000001B822567900][000001B8188976C0 49] AppleTV, [000001B822517C00][000001B81889B840 49] AppleTV4K, [000001B822564500][000001B81889F9C0 49] TVOS, [000001B822516F00][000001B8188A3B40 49] Mac, [000001B822565800][000001B8188A6140 49] MacClient, [000001B822517400][000001B8188AA2C0 49] MacNoEditor, [000001B822567000][000001B8188AE440 49] MacServer, [000001B822515E00][000001B8188B25C0 49] Linux, [000001B822631700][000001B8188B6740 49] LinuxAArch64, [000001B82258C600][000001B8188BA8C0 49] LinuxNoEditor, [000001B822630400][000001B8188BEA40 49] LinuxAArch64NoEditor, [000001B82258F200][000001B8188C2BC0 49] LinuxClient, [000001B822630700][000001B8188C6D40 49] LinuxAArch64Client, [000001B82258EF00][000001B8188CAEC0 49] LinuxServer, [000001B822630E00][000001B818887000 49] LinuxAArch64Server, [000001B82258DD00][000001B8188D9140 49] Android, [000001B822631300][000001B8188DD280 49] Android_Low, [000001B82258D900][000001B8188E13C0 49] Android_Mid, [000001B822632100][000001B8188E9540 49] Android_High, [000001B82258DB00][000001B8188ED6C0 49] Android_Default, [000001B822631600][000001B8188F1840 49] Android_Adreno4xx, [000001B82258FC00][000001B8188F59C0 49] Android_Adreno5xx_Low, [000001B822631800][000001B8188F9B40 49] Android_Adreno5xx, [000001B82258ED00][000001B8188FC140 49] Android_Adreno6xx, [000001B822516500][000001B817CE02C0 49] Android_Adreno6xx_Vulkan, [000001B822565500][000001B817CE4440 49] Android_Mali_T6xx, [000001B822514100][000001B817CE85C0 49] Android_Mali_T7xx, [000001B822567500][000001B817CEC740 49] Android_Mali_T8xx, [000001B822516D00][000001B817CF08C0 49] Android_Mali_G71, [000001B822566200][000001B817CF4A40 49] Android_Mali_G72, [000001B822515B00][000001B817CF8BC0 49] Android_Mali_G72_Vulkan, [000001B822565100][000001B817CFCD40 49] Android_Mali_G76, [000001B822517200][000001B817D00EC0 49] Android_Mali_G76_Vulkan, [000001B822566900][000001B817D05040 49] Android_Mali_G77, [000001B82258D600][000001B8188E5180 49] Android_Mali_G77_Vulkan, [000001B822564E00][000001B817D092C0 49] Android_Mali_G78, [000001B822517600][000001B817D0D400 49] Android_Mali_G78_Vulkan, [000001B822632500][000001B817D11540 49] Android_Mali_G710, [000001B822515F00][000001B817D196C0 49] Android_Mali_G710_Vulkan, [000001B822631900][000001B817D1D840 49] Android_Vulkan_SM5, [000001B822517000][000001B817D219C0 49] Android_PowerVR_G6xxx, [000001B822631500][000001B817D25B40 49] Android_PowerVR_GT7xxx, [000001B822514B00][000001B817D28140 49] Android_PowerVR_GE8xxx, [000001B822631F00][000001B817D2C2C0 49] Android_PowerVR_GM9xxx, [000001B822516C00][000001B817D30440 49] Android_PowerVR_GM9xxx_Vulkan, [000001B822631B00][000001B817D345C0 49] Android_TegraK1, [000001B822515400][000001B817D38740 49] Android_Unknown_Vulkan, [000001B822630A00][000001B817D3C8C0 49] Lumin, [000001B822515700][000001B817D40A40 49] Lumin_Desktop, [000001B822630C00][000001B817D44BC0 49] HoloLens, 
[2024.02.18-11.17.17:732][  0]LogMeshReduction: Using QuadricMeshReduction for automatic static mesh reduction
[2024.02.18-11.17.17:732][  0]LogMeshReduction: Using SimplygonMeshReduction for automatic skeletal mesh reduction
[2024.02.18-11.17.17:732][  0]LogMeshReduction: Using ProxyLODMeshReduction for automatic mesh merging
[2024.02.18-11.17.17:732][  0]LogMeshReduction: No distributed automatic mesh merging module available
[2024.02.18-11.17.17:732][  0]LogMeshMerging: No distributed automatic mesh merging module available
[2024.02.18-11.17.17:741][  0]LogNetVersion: JanczakShooter 1.0.0, NetCL: 17155196, EngineNetVer: 17, GameNetVer: 0 (Checksum: 240954857)
[2024.02.18-11.17.17:955][  0]LogTexture: Default maximum texture size for cubemaps generated from long-lat sources has been changed from 512 to unlimited. In order to preserve old behaiour for '/Engine/MapTemplates/Sky/DaylightAmbientCubemap.DaylightAmbientCubemap', its maximum texture size has been explicitly set to 512.
[2024.02.18-11.17.17:990][  0]LogHMD: PokeAHoleMaterial loaded successfully
[2024.02.18-11.17.17:994][  0]LogUObjectArray: 17178 objects as part of root set at end of initial load.
[2024.02.18-11.17.17:994][  0]LogUObjectAllocator: 4302048 out of 0 bytes used by permanent object pool.
[2024.02.18-11.17.17:994][  0]LogUObjectArray: CloseDisregardForGC: 0/0 objects in disregard for GC pool
[2024.02.18-11.17.18:139][  0]LogNiagaraDebuggerClient: Niagara Debugger Client Initialized | Session: A4D91DB942CB4801E0B60EB515C66CF0 | Instance: 28892DDE44602FA1D53BD3B0B571B965 (WENUS-8764).
[2024.02.18-11.17.18:158][  0]LogPython: Using Python 3.7.7
[2024.02.18-11.17.18:480][  0]LogTcpMessaging: Initializing TcpMessaging bridge
[2024.02.18-11.17.18:483][  0]LogUdpMessaging: Initializing bridge on interface 0.0.0.0:0 to multicast group 230.0.0.1:6666.
[2024.02.18-11.17.18:573][  0]SourceControl: Source control is disabled
[2024.02.18-11.17.18:573][  0]SourceControl: Source control is disabled
[2024.02.18-11.17.18:574][  0]SourceControl: Source control is disabled
[2024.02.18-11.17.18:577][  0]SourceControl: Source control is disabled
[2024.02.18-11.17.18:580][  0]SourceControl: Source control is disabled
[2024.02.18-11.17.18:582][  0]LogUProjectInfo: Found projects:
[2024.02.18-11.17.18:587][  0]LogVSAccessor: Display: Unable to create Visual Studio setup instance: 80040154
[2024.02.18-11.17.18:588][  0]LogVSAccessor: Display: Unable to create Visual Studio setup instance: 80040154
[2024.02.18-11.17.18:588][  0]LogVSAccessor: Display: Unable to create Visual Studio setup instance: 80040154
[2024.02.18-11.17.18:689][  0]LogOpenImageDenoise: OIDN starting up
[2024.02.18-11.17.18:721][  0]LogAndroidPermission: UAndroidPermissionCallbackProxy::GetInstance
[2024.02.18-11.17.18:735][  0]LogAudioCaptureCore: Display: No Audio Capture implementations found. Audio input will be silent.
[2024.02.18-11.17.18:736][  0]LogAudioCaptureCore: Display: No Audio Capture implementations found. Audio input will be silent.
[2024.02.18-11.17.18:793][  0]LogCollectionManager: Loaded 0 collections in 0.000384 seconds
[2024.02.18-11.17.18:805][  0]LogFileCache: Scanning file cache for directory 'C:/Users/croft/Documents/Unreal Projects/ZuzannaJanczakIIu5/TopShooterZuzannaJanczak/Saved/Collections/' took 0.00s
[2024.02.18-11.17.18:805][  0]LogFileCache: Scanning file cache for directory 'C:/Users/croft/Documents/Unreal Projects/ZuzannaJanczakIIu5/TopShooterZuzannaJanczak/Content/Developers/croft/Collections/' took 0.00s
[2024.02.18-11.17.18:805][  0]LogFileCache: Scanning file cache for directory 'C:/Users/croft/Documents/Unreal Projects/ZuzannaJanczakIIu5/TopShooterZuzannaJanczak/Content/Collections/' took 0.00s
[2024.02.18-11.17.18:805][  0]LogOcInput: OculusInput pre-init called
[2024.02.18-11.17.18:945][  0]LogEngine: Initializing Engine...
[2024.02.18-11.17.21:450][  0]LogHMD: Failed to enumerate extensions. Please check that you have a valid OpenXR runtime installed.
[2024.02.18-11.17.21:450][  0]LogHMD: Failed to initialize OpenVR with code 110
[2024.02.18-11.17.21:451][  0]LogMagicLeap: Warning: VR disabled because ZI is not enabled.  To enable, in the editor, Edit -> Project Settings -> Plugins -> Magic Leap Plugin -> Enable Zero Iteration
[2024.02.18-11.17.21:451][  0]LogStats: UGameplayTagsManager::InitializeManager -  0.000 s
[2024.02.18-11.17.21:532][  0]LogInit: Initializing FReadOnlyCVARCache
[2024.02.18-11.17.21:536][  0]LogAIModule: Creating AISystem for world Untitled
[2024.02.18-11.17.21:536][  0]LogAudio: Display: Initializing Audio Device Manager...
[2024.02.18-11.17.21:538][  0]LogAudio: Display: Loading Default Audio Settings Objects...
[2024.02.18-11.17.21:538][  0]LogAudio: Display: No default SoundConcurrencyObject specified (or failed to load).
[2024.02.18-11.17.21:539][  0]LogAudio: Display: Audio Device Manager Initialized
[2024.02.18-11.17.21:539][  0]LogAudio: Display: Creating Audio Device:                 Id: 1, Scope: Shared, Realtime: True
[2024.02.18-11.17.21:539][  0]LogAudioMixer: Display: Audio Mixer Platform Settings:
[2024.02.18-11.17.21:539][  0]LogAudioMixer: Display: 	Sample Rate:						  48000
[2024.02.18-11.17.21:539][  0]LogAudioMixer: Display: 	Callback Buffer Frame Size Requested: 1024
[2024.02.18-11.17.21:539][  0]LogAudioMixer: Display: 	Callback Buffer Frame Size To Use:	  1024
[2024.02.18-11.17.21:539][  0]LogAudioMixer: Display: 	Number of buffers to queue:			  2
[2024.02.18-11.17.21:539][  0]LogAudioMixer: Display: 	Max Channels (voices):				  32
[2024.02.18-11.17.21:539][  0]LogAudioMixer: Display: 	Number of Async Source Workers:		  0
[2024.02.18-11.17.21:539][  0]LogAudio: Display: AudioDevice MaxSources: 32
[2024.02.18-11.17.21:539][  0]LogAudio: Display: Audio Spatialization Plugin: None (built-in).
[2024.02.18-11.17.21:539][  0]LogAudio: Display: Audio Reverb Plugin: None (built-in).
[2024.02.18-11.17.21:539][  0]LogAudio: Display: Audio Occlusion Plugin: None (built-in).
[2024.02.18-11.17.21:539][  0]LogAudioMixer: Display: Initializing audio mixer.
[2024.02.18-11.17.21:545][  0]LogAudioMixer: Display: 0: FrontLeft
[2024.02.18-11.17.21:545][  0]LogAudioMixer: Display: 1: FrontRight
[2024.02.18-11.17.21:568][  0]LogAudioMixer: Display: Using Audio Device Realtek HD Audio 2nd output (Realtek(R) Audio)
[2024.02.18-11.17.21:569][  0]LogAudioMixer: Display: Initializing Sound Submixes...
[2024.02.18-11.17.21:570][  0]LogAudioMixer: Display: Creating Master Submix 'MasterSubmixDefault'
[2024.02.18-11.17.21:570][  0]LogAudioMixer: Display: Creating Master Submix 'MasterReverbSubmixDefault'
[2024.02.18-11.17.21:571][  0]LogAudioMixer: Display: Creating Master Submix 'MasterEQSubmixDefault'
[2024.02.18-11.17.21:571][  0]LogAudioMixer: FMixerPlatformXAudio2::StartAudioStream() called
[2024.02.18-11.17.21:571][  0]LogAudioMixer: Display: Output buffers initialized: Frames=1024, Channels=2, Samples=2048
[2024.02.18-11.17.21:571][  0]LogAudioMixer: Display: Starting AudioMixerPlatformInterface::RunInternal()
[2024.02.18-11.17.21:571][  0]LogAudioMixer: Display: FMixerPlatformXAudio2::SubmitBuffer() called for the first time
[2024.02.18-11.17.21:571][  0]LogInit: FAudioDevice initialized.
[2024.02.18-11.17.21:571][  0]LogAudio: Display: Audio Device (ID: 1) registered with world 'Untitled'.
[2024.02.18-11.17.21:571][  0]LogNetVersion: Set ProjectVersion to 1.0.0.0. Version Checksum will be recalculated on next use.
[2024.02.18-11.17.21:599][  0]LogDerivedDataCache: Saved boot cache 0.03s 94MB C:/Users/croft/AppData/Local/UnrealEngine/4.27/DerivedDataCache/Boot.ddc.
[2024.02.18-11.17.21:599][  0]LogInit: Texture streaming: Enabled
[2024.02.18-11.17.21:606][  0]LogAnalytics: Display: [UEEditor.Rocket.Release] APIServer = https://datarouter.ol.epicgames.com/. AppVersion = 4.27.2-18319896+++UE4+Release-4.27
[2024.02.18-11.17.21:608][  0]LogEngineSessionManager: EngineSessionManager initialized
[2024.02.18-11.17.21:608][  0]LogEditorSessionSummary: Verbose: Initializing EditorSessionSummaryWriter for editor session tracking
[2024.02.18-11.17.21:609][  0]LogEditorSessionSummary: EditorSessionSummaryWriter initialized
[2024.02.18-11.17.21:623][  0]LogInit: Transaction tracking system initialized
[2024.02.18-11.17.21:633][  0]BlueprintLog: New page: Editor Load
[2024.02.18-11.17.21:662][  0]LocalizationService: Localization service is disabled
[2024.02.18-11.17.21:673][  0]TimingProfiler: Initialize
[2024.02.18-11.17.21:673][  0]TimingProfiler: OnSessionChanged
[2024.02.18-11.17.21:673][  0]LoadingProfiler: Initialize
[2024.02.18-11.17.21:673][  0]LoadingProfiler: OnSessionChanged
[2024.02.18-11.17.21:673][  0]NetworkingProfiler: Initialize
[2024.02.18-11.17.21:673][  0]NetworkingProfiler: OnSessionChanged
[2024.02.18-11.17.21:673][  0]MemoryProfiler: Initialize
[2024.02.18-11.17.21:673][  0]MemoryProfiler: OnSessionChanged
[2024.02.18-11.17.21:700][  0]LogVSAccessor: Display: Unable to create Visual Studio setup instance: 80040154
[2024.02.18-11.17.21:700][  0]LogVSAccessor: Display: Unable to create Visual Studio setup instance: 80040154
[2024.02.18-11.17.21:700][  0]LogVSAccessor: Display: Unable to create Visual Studio setup instance: 80040154
[2024.02.18-11.17.21:749][  0]LogCook: Display: CookSettings for Memory: MemoryMaxUsedVirtual 0MiB, MemoryMaxUsedPhysical 16384MiB, MemoryMinFreeVirtual 0MiB, MemoryMinFreePhysical 1024MiB
[2024.02.18-11.17.21:749][  0]LogCook: Display: Mobile HDR setting 1
[2024.02.18-11.17.21:843][  0]LogFileCache: Scanning file cache for directory 'C:/Users/croft/Documents/Unreal Projects/ZuzannaJanczakIIu5/TopShooterZuzannaJanczak/Content/' took 0.01s
[2024.02.18-11.17.21:947][  0]LogInit: Display: Engine is initialized. Leaving FEngineLoop::Init()
[2024.02.18-11.17.21:948][  0]SourceControl: Source control is disabled
[2024.02.18-11.17.21:948][  0]LogUnrealEdMisc: Loading editor; pre map load, took 6.191
[2024.02.18-11.17.21:948][  0]Cmd: MAP LOAD FILE="C:/Users/croft/Documents/Unreal Projects/ZuzannaJanczakIIu5/TopShooterZuzannaJanczak/Content/LVL1.umap" TEMPLATE=0 SHOWPROGRESS=1 FEATURELEVEL=3
[2024.02.18-11.17.21:952][  0]LightingResults: New page: Lighting Build
[2024.02.18-11.17.21:953][  0]LogWorld: UWorld::CleanupWorld for Untitled, bSessionEnded=true, bCleanupResources=true
[2024.02.18-11.17.21:953][  0]LogSlate: InvalidateAllWidgets triggered.  All widgets were invalidated
[2024.02.18-11.17.21:953][  0]MapCheck: New page: Map Check
[2024.02.18-11.17.21:953][  0]LightingResults: New page: Lighting Build
[2024.02.18-11.17.21:956][  0]LogAudio: Display: Audio Device unregistered from world 'None'.
[2024.02.18-11.17.21:958][  0]LogUObjectHash: Compacting FUObjectHashTables data took   0.50ms
[2024.02.18-11.17.21:973][  0]LogAudio: Display: Audio Device (ID: 1) registered with world 'LVL1'.
[2024.02.18-11.17.21:973][  0]LogAIModule: Creating AISystem for world LVL1
[2024.02.18-11.17.21:975][  0]LogEditorServer: Finished looking for orphan Actors (0.000 secs)
[2024.02.18-11.17.21:979][  0]LogUObjectHash: Compacting FUObjectHashTables data took   0.40ms
[2024.02.18-11.17.21:979][  0]Cmd: MAP CHECKDEP NOCLEARLOG
[2024.02.18-11.17.21:979][  0]MapCheck: Map check complete: 0 Error(s), 0 Warning(s), took 0,139ms to complete.
[2024.02.18-11.17.21:979][  0]LogFileHelpers: Loading map 'LVL1' took 0.031
[2024.02.18-11.17.21:980][  0]LogUnrealEdMisc: Total Editor Startup Time, took 6.223
[2024.02.18-11.17.22:420][  0]LogSlate: Updating window title bar state: overlay mode, drag disabled, window buttons hidden, title bar hidden
[2024.02.18-11.17.22:437][  0]LogSlate: Updating window title bar state: overlay mode, drag disabled, window buttons hidden, title bar hidden
[2024.02.18-11.17.22:440][  0]LogSlate: Updating window title bar state: overlay mode, drag disabled, window buttons hidden, title bar hidden
[2024.02.18-11.17.22:443][  0]LogSlate: Updating window title bar state: overlay mode, drag disabled, window buttons hidden, title bar hidden
[2024.02.18-11.17.22:551][  0]LogNativeClassHierarchy: Verbose: Native class hierarchy populated in 0.0150 seconds. Added 3822 classes and 928 folders.
[2024.02.18-11.17.22:593][  0]LogNativeClassHierarchy: Verbose: Native class hierarchy updated for 'WidgetCarousel' in 0.0002 seconds. Added 0 classes and 0 folders.
[2024.02.18-11.17.22:682][  0]LogPakFile: PakFile PrimaryIndexSize=187
[2024.02.18-11.17.22:682][  0]LogPakFile: PakFile PathHashIndexSize=101
[2024.02.18-11.17.22:682][  0]LogPakFile: PakFile FullDirectoryIndexSize=148
[2024.02.18-11.17.22:695][  0]LogShaderLibrary: Display: ShaderCodeLibraryPakFileMountedCallback: PakFile 'D:/Program Files/Epic Games/UE_4.27/FeaturePacks/FP_FirstPerson.upack' (chunk index -1, root 'root:/') mounted
[2024.02.18-11.17.22:695][  0]LogShaderLibrary: Display: ShaderCodeLibraryPakFileMountedCallback: pending pak file info (ChunkID:-1 Root:root:/ File:D:/Program Files/Epic Games/UE_4.27/FeaturePacks/FP_FirstPerson.upack)
[2024.02.18-11.17.22:695][  0]LogPakFile: OnPakFileMounted2Time == 0.013601
[2024.02.18-11.17.22:709][  0]LogPakFile: PakFile PrimaryIndexSize=189
[2024.02.18-11.17.22:709][  0]LogPakFile: PakFile PathHashIndexSize=101
[2024.02.18-11.17.22:709][  0]LogPakFile: PakFile FullDirectoryIndexSize=152
[2024.02.18-11.17.22:709][  0]LogShaderLibrary: Display: ShaderCodeLibraryPakFileMountedCallback: PakFile 'D:/Program Files/Epic Games/UE_4.27/FeaturePacks/FP_FirstPersonBP.upack' (chunk index -1, root 'root:/') mounted
[2024.02.18-11.17.22:709][  0]LogShaderLibrary: Display: ShaderCodeLibraryPakFileMountedCallback: pending pak file info (ChunkID:-1 Root:root:/ File:D:/Program Files/Epic Games/UE_4.27/FeaturePacks/FP_FirstPersonBP.upack)
[2024.02.18-11.17.22:709][  0]LogPakFile: OnPakFileMounted2Time == 0.000030
[2024.02.18-11.17.22:795][  0]LogPakFile: PakFile PrimaryIndexSize=191
[2024.02.18-11.17.22:795][  0]LogPakFile: PakFile PathHashIndexSize=101
[2024.02.18-11.17.22:795][  0]LogPakFile: PakFile FullDirectoryIndexSize=160
[2024.02.18-11.17.22:795][  0]LogShaderLibrary: Display: ShaderCodeLibraryPakFileMountedCallback: PakFile 'D:/Program Files/Epic Games/UE_4.27/FeaturePacks/MobileStarterContent.upack' (chunk index -1, root 'root:/') mounted
[2024.02.18-11.17.22:795][  0]LogShaderLibrary: Display: ShaderCodeLibraryPakFileMountedCallback: pending pak file info (ChunkID:-1 Root:root:/ File:D:/Program Files/Epic Games/UE_4.27/FeaturePacks/MobileStarterContent.upack)
[2024.02.18-11.17.22:795][  0]LogPakFile: OnPakFileMounted2Time == 0.000026
[2024.02.18-11.17.22:800][  0]LogPakFile: PakFile PrimaryIndexSize=185
[2024.02.18-11.17.22:800][  0]LogPakFile: PakFile PathHashIndexSize=101
[2024.02.18-11.17.22:800][  0]LogPakFile: PakFile FullDirectoryIndexSize=148
[2024.02.18-11.17.22:800][  0]LogShaderLibrary: Display: ShaderCodeLibraryPakFileMountedCallback: PakFile 'D:/Program Files/Epic Games/UE_4.27/FeaturePacks/StarterContent.upack' (chunk index -1, root 'root:/') mounted
[2024.02.18-11.17.22:800][  0]LogShaderLibrary: Display: ShaderCodeLibraryPakFileMountedCallback: pending pak file info (ChunkID:-1 Root:root:/ File:D:/Program Files/Epic Games/UE_4.27/FeaturePacks/StarterContent.upack)
[2024.02.18-11.17.22:800][  0]LogPakFile: OnPakFileMounted2Time == 0.000032
[2024.02.18-11.17.22:815][  0]LogPakFile: PakFile PrimaryIndexSize=190
[2024.02.18-11.17.22:815][  0]LogPakFile: PakFile PathHashIndexSize=101
[2024.02.18-11.17.22:815][  0]LogPakFile: PakFile FullDirectoryIndexSize=154
[2024.02.18-11.17.22:815][  0]LogShaderLibrary: Display: ShaderCodeLibraryPakFileMountedCallback: PakFile 'D:/Program Files/Epic Games/UE_4.27/FeaturePacks/TP_2DSideScroller.upack' (chunk index -1, root 'root:/') mounted
[2024.02.18-11.17.22:815][  0]LogShaderLibrary: Display: ShaderCodeLibraryPakFileMountedCallback: pending pak file info (ChunkID:-1 Root:root:/ File:D:/Program Files/Epic Games/UE_4.27/FeaturePacks/TP_2DSideScroller.upack)
[2024.02.18-11.17.22:815][  0]LogPakFile: OnPakFileMounted2Time == 0.000025
[2024.02.18-11.17.23:566][  0]LogPakFile: PakFile PrimaryIndexSize=192
[2024.02.18-11.17.23:566][  0]LogPakFile: PakFile PathHashIndexSize=101
[2024.02.18-11.17.23:566][  0]LogPakFile: PakFile FullDirectoryIndexSize=158
[2024.02.18-11.17.23:566][  0]LogShaderLibrary: Display: ShaderCodeLibraryPakFileMountedCallback: PakFile 'D:/Program Files/Epic Games/UE_4.27/FeaturePacks/TP_2DSideScrollerBP.upack' (chunk index -1, root 'root:/') mounted
[2024.02.18-11.17.23:566][  0]LogShaderLibrary: Display: ShaderCodeLibraryPakFileMountedCallback: pending pak file info (ChunkID:-1 Root:root:/ File:D:/Program Files/Epic Games/UE_4.27/FeaturePacks/TP_2DSideScrollerBP.upack)
[2024.02.18-11.17.23:566][  0]LogPakFile: OnPakFileMounted2Time == 0.000042
[2024.02.18-11.17.23:855][  0]LogPakFile: PakFile PrimaryIndexSize=182
[2024.02.18-11.17.23:855][  0]LogPakFile: PakFile PathHashIndexSize=101
[2024.02.18-11.17.23:855][  0]LogPakFile: PakFile FullDirectoryIndexSize=138
[2024.02.18-11.17.23:855][  0]LogShaderLibrary: Display: ShaderCodeLibraryPakFileMountedCallback: PakFile 'D:/Program Files/Epic Games/UE_4.27/FeaturePacks/TP_Flying.upack' (chunk index -1, root 'root:/') mounted
[2024.02.18-11.17.23:855][  0]LogShaderLibrary: Display: ShaderCodeLibraryPakFileMountedCallback: pending pak file info (ChunkID:-1 Root:root:/ File:D:/Program Files/Epic Games/UE_4.27/FeaturePacks/TP_Flying.upack)
[2024.02.18-11.17.23:855][  0]LogPakFile: OnPakFileMounted2Time == 0.000025
[2024.02.18-11.17.23:863][  0]LogPakFile: PakFile PrimaryIndexSize=184
[2024.02.18-11.17.23:863][  0]LogPakFile: PakFile PathHashIndexSize=101
[2024.02.18-11.17.23:863][  0]LogPakFile: PakFile FullDirectoryIndexSize=142
[2024.02.18-11.17.23:863][  0]LogShaderLibrary: Display: ShaderCodeLibraryPakFileMountedCallback: PakFile 'D:/Program Files/Epic Games/UE_4.27/FeaturePacks/TP_FlyingBP.upack' (chunk index -1, root 'root:/') mounted
[2024.02.18-11.17.23:863][  0]LogShaderLibrary: Display: ShaderCodeLibraryPakFileMountedCallback: pending pak file info (ChunkID:-1 Root:root:/ File:D:/Program Files/Epic Games/UE_4.27/FeaturePacks/TP_FlyingBP.upack)
[2024.02.18-11.17.23:863][  0]LogPakFile: OnPakFileMounted2Time == 0.000026
[2024.02.18-11.17.23:879][  0]LogPakFile: PakFile PrimaryIndexSize=188
[2024.02.18-11.17.23:879][  0]LogPakFile: PakFile PathHashIndexSize=101
[2024.02.18-11.17.23:879][  0]LogPakFile: PakFile FullDirectoryIndexSize=150
[2024.02.18-11.17.23:879][  0]LogShaderLibrary: Display: ShaderCodeLibraryPakFileMountedCallback: PakFile 'D:/Program Files/Epic Games/UE_4.27/FeaturePacks/TP_HandheldARBP.upack' (chunk index -1, root 'root:/') mounted
[2024.02.18-11.17.23:879][  0]LogShaderLibrary: Display: ShaderCodeLibraryPakFileMountedCallback: pending pak file info (ChunkID:-1 Root:root:/ File:D:/Program Files/Epic Games/UE_4.27/FeaturePacks/TP_HandheldARBP.upack)
[2024.02.18-11.17.23:879][  0]LogPakFile: OnPakFileMounted2Time == 0.000026
[2024.02.18-11.17.23:905][  0]LogPakFile: PakFile PrimaryIndexSize=182
[2024.02.18-11.17.23:905][  0]LogPakFile: PakFile PathHashIndexSize=101
[2024.02.18-11.17.23:905][  0]LogPakFile: PakFile FullDirectoryIndexSize=138
[2024.02.18-11.17.23:905][  0]LogShaderLibrary: Display: ShaderCodeLibraryPakFileMountedCallback: PakFile 'D:/Program Files/Epic Games/UE_4.27/FeaturePacks/TP_Puzzle.upack' (chunk index -1, root 'root:/') mounted
[2024.02.18-11.17.23:905][  0]LogShaderLibrary: Display: ShaderCodeLibraryPakFileMountedCallback: pending pak file info (ChunkID:-1 Root:root:/ File:D:/Program Files/Epic Games/UE_4.27/FeaturePacks/TP_Puzzle.upack)
[2024.02.18-11.17.23:905][  0]LogPakFile: OnPakFileMounted2Time == 0.000029
[2024.02.18-11.17.23:914][  0]LogPakFile: PakFile PrimaryIndexSize=184
[2024.02.18-11.17.23:914][  0]LogPakFile: PakFile PathHashIndexSize=101
[2024.02.18-11.17.23:914][  0]LogPakFile: PakFile FullDirectoryIndexSize=142
[2024.02.18-11.17.23:914][  0]LogShaderLibrary: Display: ShaderCodeLibraryPakFileMountedCallback: PakFile 'D:/Program Files/Epic Games/UE_4.27/FeaturePacks/TP_PuzzleBP.upack' (chunk index -1, root 'root:/') mounted
[2024.02.18-11.17.23:914][  0]LogShaderLibrary: Display: ShaderCodeLibraryPakFileMountedCallback: pending pak file info (ChunkID:-1 Root:root:/ File:D:/Program Files/Epic Games/UE_4.27/FeaturePacks/TP_PuzzleBP.upack)
[2024.02.18-11.17.23:914][  0]LogPakFile: OnPakFileMounted2Time == 0.000026
[2024.02.18-11.17.23:921][  0]LogPakFile: PakFile PrimaryIndexSize=183
[2024.02.18-11.17.23:921][  0]LogPakFile: PakFile PathHashIndexSize=101
[2024.02.18-11.17.23:921][  0]LogPakFile: PakFile FullDirectoryIndexSize=140
[2024.02.18-11.17.23:921][  0]LogShaderLibrary: Display: ShaderCodeLibraryPakFileMountedCallback: PakFile 'D:/Program Files/Epic Games/UE_4.27/FeaturePacks/TP_Rolling.upack' (chunk index -1, root 'root:/') mounted
[2024.02.18-11.17.23:921][  0]LogShaderLibrary: Display: ShaderCodeLibraryPakFileMountedCallback: pending pak file info (ChunkID:-1 Root:root:/ File:D:/Program Files/Epic Games/UE_4.27/FeaturePacks/TP_Rolling.upack)
[2024.02.18-11.17.23:921][  0]LogPakFile: OnPakFileMounted2Time == 0.000024
[2024.02.18-11.17.23:930][  0]LogPakFile: PakFile PrimaryIndexSize=185
[2024.02.18-11.17.23:930][  0]LogPakFile: PakFile PathHashIndexSize=101
[2024.02.18-11.17.23:930][  0]LogPakFile: PakFile FullDirectoryIndexSize=144
[2024.02.18-11.17.23:930][  0]LogShaderLibrary: Display: ShaderCodeLibraryPakFileMountedCallback: PakFile 'D:/Program Files/Epic Games/UE_4.27/FeaturePacks/TP_RollingBP.upack' (chunk index -1, root 'root:/') mounted
[2024.02.18-11.17.23:930][  0]LogShaderLibrary: Display: ShaderCodeLibraryPakFileMountedCallback: pending pak file info (ChunkID:-1 Root:root:/ File:D:/Program Files/Epic Games/UE_4.27/FeaturePacks/TP_RollingBP.upack)
[2024.02.18-11.17.23:930][  0]LogPakFile: OnPakFileMounted2Time == 0.000026
[2024.02.18-11.17.23:939][  0]LogPakFile: PakFile PrimaryIndexSize=188
[2024.02.18-11.17.23:939][  0]LogPakFile: PakFile PathHashIndexSize=101
[2024.02.18-11.17.23:939][  0]LogPakFile: PakFile FullDirectoryIndexSize=150
[2024.02.18-11.17.23:939][  0]LogShaderLibrary: Display: ShaderCodeLibraryPakFileMountedCallback: PakFile 'D:/Program Files/Epic Games/UE_4.27/FeaturePacks/TP_SideScroller.upack' (chunk index -1, root 'root:/') mounted
[2024.02.18-11.17.23:939][  0]LogShaderLibrary: Display: ShaderCodeLibraryPakFileMountedCallback: pending pak file info (ChunkID:-1 Root:root:/ File:D:/Program Files/Epic Games/UE_4.27/FeaturePacks/TP_SideScroller.upack)
[2024.02.18-11.17.23:939][  0]LogPakFile: OnPakFileMounted2Time == 0.000024
[2024.02.18-11.17.23:950][  0]LogPakFile: PakFile PrimaryIndexSize=190
[2024.02.18-11.17.23:950][  0]LogPakFile: PakFile PathHashIndexSize=101
[2024.02.18-11.17.23:950][  0]LogPakFile: PakFile FullDirectoryIndexSize=154
[2024.02.18-11.17.23:950][  0]LogShaderLibrary: Display: ShaderCodeLibraryPakFileMountedCallback: PakFile 'D:/Program Files/Epic Games/UE_4.27/FeaturePacks/TP_SideScrollerBP.upack' (chunk index -1, root 'root:/') mounted
[2024.02.18-11.17.23:950][  0]LogShaderLibrary: Display: ShaderCodeLibraryPakFileMountedCallback: pending pak file info (ChunkID:-1 Root:root:/ File:D:/Program Files/Epic Games/UE_4.27/FeaturePacks/TP_SideScrollerBP.upack)
[2024.02.18-11.17.23:950][  0]LogPakFile: OnPakFileMounted2Time == 0.000025
[2024.02.18-11.17.23:960][  0]LogPakFile: PakFile PrimaryIndexSize=187
[2024.02.18-11.17.23:960][  0]LogPakFile: PakFile PathHashIndexSize=101
[2024.02.18-11.17.23:960][  0]LogPakFile: PakFile FullDirectoryIndexSize=148
[2024.02.18-11.17.23:960][  0]LogShaderLibrary: Display: ShaderCodeLibraryPakFileMountedCallback: PakFile 'D:/Program Files/Epic Games/UE_4.27/FeaturePacks/TP_ThirdPerson.upack' (chunk index -1, root 'root:/') mounted
[2024.02.18-11.17.23:960][  0]LogShaderLibrary: Display: ShaderCodeLibraryPakFileMountedCallback: pending pak file info (ChunkID:-1 Root:root:/ File:D:/Program Files/Epic Games/UE_4.27/FeaturePacks/TP_ThirdPerson.upack)
[2024.02.18-11.17.23:960][  0]LogPakFile: OnPakFileMounted2Time == 0.000024
[2024.02.18-11.17.23:971][  0]LogPakFile: PakFile PrimaryIndexSize=189
[2024.02.18-11.17.23:971][  0]LogPakFile: PakFile PathHashIndexSize=101
[2024.02.18-11.17.23:971][  0]LogPakFile: PakFile FullDirectoryIndexSize=152
[2024.02.18-11.17.23:971][  0]LogShaderLibrary: Display: ShaderCodeLibraryPakFileMountedCallback: PakFile 'D:/Program Files/Epic Games/UE_4.27/FeaturePacks/TP_ThirdPersonBP.upack' (chunk index -1, root 'root:/') mounted
[2024.02.18-11.17.23:971][  0]LogShaderLibrary: Display: ShaderCodeLibraryPakFileMountedCallback: pending pak file info (ChunkID:-1 Root:root:/ File:D:/Program Files/Epic Games/UE_4.27/FeaturePacks/TP_ThirdPersonBP.upack)
[2024.02.18-11.17.23:971][  0]LogPakFile: OnPakFileMounted2Time == 0.000027
[2024.02.18-11.17.23:977][  0]LogPakFile: PakFile PrimaryIndexSize=183
[2024.02.18-11.17.23:977][  0]LogPakFile: PakFile PathHashIndexSize=101
[2024.02.18-11.17.23:977][  0]LogPakFile: PakFile FullDirectoryIndexSize=140
[2024.02.18-11.17.23:977][  0]LogShaderLibrary: Display: ShaderCodeLibraryPakFileMountedCallback: PakFile 'D:/Program Files/Epic Games/UE_4.27/FeaturePacks/TP_TopDown.upack' (chunk index -1, root 'root:/') mounted
[2024.02.18-11.17.23:977][  0]LogShaderLibrary: Display: ShaderCodeLibraryPakFileMountedCallback: pending pak file info (ChunkID:-1 Root:root:/ File:D:/Program Files/Epic Games/UE_4.27/FeaturePacks/TP_TopDown.upack)
[2024.02.18-11.17.23:977][  0]LogPakFile: OnPakFileMounted2Time == 0.000028
[2024.02.18-11.17.23:981][  0]LogPakFile: PakFile PrimaryIndexSize=185
[2024.02.18-11.17.23:981][  0]LogPakFile: PakFile PathHashIndexSize=101
[2024.02.18-11.17.23:981][  0]LogPakFile: PakFile FullDirectoryIndexSize=144
[2024.02.18-11.17.23:981][  0]LogShaderLibrary: Display: ShaderCodeLibraryPakFileMountedCallback: PakFile 'D:/Program Files/Epic Games/UE_4.27/FeaturePacks/TP_TopDownBP.upack' (chunk index -1, root 'root:/') mounted
[2024.02.18-11.17.23:981][  0]LogShaderLibrary: Display: ShaderCodeLibraryPakFileMountedCallback: pending pak file info (ChunkID:-1 Root:root:/ File:D:/Program Files/Epic Games/UE_4.27/FeaturePacks/TP_TopDownBP.upack)
[2024.02.18-11.17.23:981][  0]LogPakFile: OnPakFileMounted2Time == 0.000020
[2024.02.18-11.17.23:987][  0]LogPakFile: PakFile PrimaryIndexSize=185
[2024.02.18-11.17.23:987][  0]LogPakFile: PakFile PathHashIndexSize=101
[2024.02.18-11.17.23:987][  0]LogPakFile: PakFile FullDirectoryIndexSize=144
[2024.02.18-11.17.23:987][  0]LogShaderLibrary: Display: ShaderCodeLibraryPakFileMountedCallback: PakFile 'D:/Program Files/Epic Games/UE_4.27/FeaturePacks/TP_TwinStick.upack' (chunk index -1, root 'root:/') mounted
[2024.02.18-11.17.23:987][  0]LogShaderLibrary: Display: ShaderCodeLibraryPakFileMountedCallback: pending pak file info (ChunkID:-1 Root:root:/ File:D:/Program Files/Epic Games/UE_4.27/FeaturePacks/TP_TwinStick.upack)
[2024.02.18-11.17.23:987][  0]LogPakFile: OnPakFileMounted2Time == 0.000021
[2024.02.18-11.17.24:000][  0]LogPakFile: PakFile PrimaryIndexSize=187
[2024.02.18-11.17.24:000][  0]LogPakFile: PakFile PathHashIndexSize=101
[2024.02.18-11.17.24:000][  0]LogPakFile: PakFile FullDirectoryIndexSize=148
[2024.02.18-11.17.24:000][  0]LogShaderLibrary: Display: ShaderCodeLibraryPakFileMountedCallback: PakFile 'D:/Program Files/Epic Games/UE_4.27/FeaturePacks/TP_TwinStickBP.upack' (chunk index -1, root 'root:/') mounted
[2024.02.18-11.17.24:000][  0]LogShaderLibrary: Display: ShaderCodeLibraryPakFileMountedCallback: pending pak file info (ChunkID:-1 Root:root:/ File:D:/Program Files/Epic Games/UE_4.27/FeaturePacks/TP_TwinStickBP.upack)
[2024.02.18-11.17.24:000][  0]LogPakFile: OnPakFileMounted2Time == 0.000021
[2024.02.18-11.17.24:004][  0]LogPakFile: PakFile PrimaryIndexSize=183
[2024.02.18-11.17.24:004][  0]LogPakFile: PakFile PathHashIndexSize=101
[2024.02.18-11.17.24:004][  0]LogPakFile: PakFile FullDirectoryIndexSize=140
[2024.02.18-11.17.24:004][  0]LogShaderLibrary: Display: ShaderCodeLibraryPakFileMountedCallback: PakFile 'D:/Program Files/Epic Games/UE_4.27/FeaturePacks/TP_Vehicle.upack' (chunk index -1, root 'root:/') mounted
[2024.02.18-11.17.24:004][  0]LogShaderLibrary: Display: ShaderCodeLibraryPakFileMountedCallback: pending pak file info (ChunkID:-1 Root:root:/ File:D:/Program Files/Epic Games/UE_4.27/FeaturePacks/TP_Vehicle.upack)
[2024.02.18-11.17.24:004][  0]LogPakFile: OnPakFileMounted2Time == 0.000023
[2024.02.18-11.17.24:008][  0]LogPakFile: PakFile PrimaryIndexSize=186
[2024.02.18-11.17.24:008][  0]LogPakFile: PakFile PathHashIndexSize=101
[2024.02.18-11.17.24:008][  0]LogPakFile: PakFile FullDirectoryIndexSize=146
[2024.02.18-11.17.24:008][  0]LogShaderLibrary: Display: ShaderCodeLibraryPakFileMountedCallback: PakFile 'D:/Program Files/Epic Games/UE_4.27/FeaturePacks/TP_VehicleAdv.upack' (chunk index -1, root 'root:/') mounted
[2024.02.18-11.17.24:008][  0]LogShaderLibrary: Display: ShaderCodeLibraryPakFileMountedCallback: pending pak file info (ChunkID:-1 Root:root:/ File:D:/Program Files/Epic Games/UE_4.27/FeaturePacks/TP_VehicleAdv.upack)
[2024.02.18-11.17.24:008][  0]LogPakFile: OnPakFileMounted2Time == 0.000023
[2024.02.18-11.17.24:012][  0]LogPakFile: PakFile PrimaryIndexSize=188
[2024.02.18-11.17.24:012][  0]LogPakFile: PakFile PathHashIndexSize=101
[2024.02.18-11.17.24:012][  0]LogPakFile: PakFile FullDirectoryIndexSize=150
[2024.02.18-11.17.24:012][  0]LogShaderLibrary: Display: ShaderCodeLibraryPakFileMountedCallback: PakFile 'D:/Program Files/Epic Games/UE_4.27/FeaturePacks/TP_VehicleAdvBP.upack' (chunk index -1, root 'root:/') mounted
[2024.02.18-11.17.24:012][  0]LogShaderLibrary: Display: ShaderCodeLibraryPakFileMountedCallback: pending pak file info (ChunkID:-1 Root:root:/ File:D:/Program Files/Epic Games/UE_4.27/FeaturePacks/TP_VehicleAdvBP.upack)
[2024.02.18-11.17.24:012][  0]LogPakFile: OnPakFileMounted2Time == 0.000023
[2024.02.18-11.17.24:025][  0]LogPakFile: PakFile PrimaryIndexSize=185
[2024.02.18-11.17.24:025][  0]LogPakFile: PakFile PathHashIndexSize=101
[2024.02.18-11.17.24:025][  0]LogPakFile: PakFile FullDirectoryIndexSize=144
[2024.02.18-11.17.24:025][  0]LogShaderLibrary: Display: ShaderCodeLibraryPakFileMountedCallback: PakFile 'D:/Program Files/Epic Games/UE_4.27/FeaturePacks/TP_VehicleBP.upack' (chunk index -1, root 'root:/') mounted
[2024.02.18-11.17.24:025][  0]LogShaderLibrary: Display: ShaderCodeLibraryPakFileMountedCallback: pending pak file info (ChunkID:-1 Root:root:/ File:D:/Program Files/Epic Games/UE_4.27/FeaturePacks/TP_VehicleBP.upack)
[2024.02.18-11.17.24:025][  0]LogPakFile: OnPakFileMounted2Time == 0.000024
[2024.02.18-11.17.24:029][  0]LogPakFile: PakFile PrimaryIndexSize=192
[2024.02.18-11.17.24:029][  0]LogPakFile: PakFile PathHashIndexSize=101
[2024.02.18-11.17.24:029][  0]LogPakFile: PakFile FullDirectoryIndexSize=158
[2024.02.18-11.17.24:029][  0]LogShaderLibrary: Display: ShaderCodeLibraryPakFileMountedCallback: PakFile 'D:/Program Files/Epic Games/UE_4.27/FeaturePacks/TP_VirtualRealityBP.upack' (chunk index -1, root 'root:/') mounted
[2024.02.18-11.17.24:029][  0]LogShaderLibrary: Display: ShaderCodeLibraryPakFileMountedCallback: pending pak file info (ChunkID:-1 Root:root:/ File:D:/Program Files/Epic Games/UE_4.27/FeaturePacks/TP_VirtualRealityBP.upack)
[2024.02.18-11.17.24:029][  0]LogPakFile: OnPakFileMounted2Time == 0.000026
[2024.02.18-11.17.24:986][  0]LogNativeClassHierarchy: Verbose: Native class hierarchy updated for 'AddContentDialog' in 0.0002 seconds. Added 0 classes and 0 folders.
[2024.02.18-11.17.25:009][  0]LogNativeClassHierarchy: Verbose: Native class hierarchy updated for 'SceneOutliner' in 0.0003 seconds. Added 2 classes and 0 folders.
[2024.02.18-11.17.25:512][  0]LogNativeClassHierarchy: Verbose: Native class hierarchy updated for 'HierarchicalLODOutliner' in 0.0001 seconds. Added 0 classes and 0 folders.
[2024.02.18-11.17.25:512][  0]LogLoad: (Engine Initialization) Total time: 9.75 seconds
[2024.02.18-11.17.25:512][  0]LogLoad: (Engine Initialization) Total Blueprint compile time: 0.00 seconds
[2024.02.18-11.17.25:574][  0]LogAssetRegistry: Asset discovery search completed in 8.0457 seconds
[2024.02.18-11.17.25:578][  0]LogCollectionManager: Fixed up redirectors for 0 collections in 0.000003 seconds (updated 0 objects)
[2024.02.18-11.17.25:583][  0]LogContentStreaming: Texture pool size now 1000 MB
[2024.02.18-11.17.25:587][  0]LogSlate: Took 0.000087 seconds to synchronously load lazily loaded font '../../../Engine/Content/Slate/Fonts/Roboto-Regular.ttf' (155K)
[2024.02.18-11.17.25:597][  0]LogSlate: Took 0.009626 seconds to synchronously load lazily loaded font '../../../Engine/Content/Editor/Slate/Fonts/FontAwesome.ttf' (139K)
[2024.02.18-11.17.25:605][  0]LogSlate: Took 0.000112 seconds to synchronously load lazily loaded font '../../../Engine/Content/Slate/Fonts/Roboto-Bold.ttf' (160K)
[2024.02.18-11.17.25:890][  0]LogRenderer: Reallocating scene render targets to support 928x488 Format 10 NumSamples 1 (Frame:1).
[2024.02.18-11.18.01:957][108]LogRenderer: Reallocating scene render targets to support 936x488 Format 10 NumSamples 1 (Frame:4).
[2024.02.18-11.18.01:989][108]LogRenderer: Reallocating scene render targets to support 940x488 Format 10 NumSamples 1 (Frame:5).
[2024.02.18-11.18.02:025][108]LogRenderer: Reallocating scene render targets to support 952x488 Format 10 NumSamples 1 (Frame:6).
[2024.02.18-11.18.02:047][108]LogRenderer: Reallocating scene render targets to support 972x488 Format 10 NumSamples 1 (Frame:7).
[2024.02.18-11.18.02:076][108]LogRenderer: Reallocating scene render targets to support 996x488 Format 10 NumSamples 1 (Frame:8).
[2024.02.18-11.18.02:105][108]LogRenderer: Reallocating scene render targets to support 1008x488 Format 10 NumSamples 1 (Frame:9).
[2024.02.18-11.18.02:268][108]LogRenderer: Reallocating scene render targets to support 1016x488 Format 10 NumSamples 1 (Frame:11).
[2024.02.18-11.18.02:297][108]LogRenderer: Reallocating scene render targets to support 1024x488 Format 10 NumSamples 1 (Frame:12).
[2024.02.18-11.18.02:327][108]LogRenderer: Reallocating scene render targets to support 1028x488 Format 10 NumSamples 1 (Frame:13).
[2024.02.18-11.18.02:358][108]LogRenderer: Reallocating scene render targets to support 1032x488 Format 10 NumSamples 1 (Frame:14).
[2024.02.18-11.18.02:387][108]LogRenderer: Reallocating scene render targets to support 1040x488 Format 10 NumSamples 1 (Frame:15).
[2024.02.18-11.18.02:417][108]LogRenderer: Reallocating scene render targets to support 1048x488 Format 10 NumSamples 1 (Frame:16).
[2024.02.18-11.18.02:446][108]LogRenderer: Reallocating scene render targets to support 1060x488 Format 10 NumSamples 1 (Frame:17).
[2024.02.18-11.57.19:412][913]LogSlate: Took 0.016657 seconds to synchronously load lazily loaded font '../../../Engine/Content/Slate/Fonts/Roboto-Italic.ttf' (157K)
[2024.02.18-11.57.20:156][998]LogRenderer: Reallocating scene render targets to support 1904x612 Format 10 NumSamples 1 (Frame:1929).
[2024.02.18-11.57.21:871][191]LogSlate: Took 0.003610 seconds to synchronously load lazily loaded font '../../../Engine/Content/Slate/Fonts/Roboto-Light.ttf' (167K)
[2024.02.18-11.57.21:887][191]Cmd: OBJ SAVEPACKAGE PACKAGE="/Game/LVL1" FILE="C:/Users/croft/Documents/Unreal Projects/ZuzannaJanczakIIu5/TopShooterZuzannaJanczak/Content/LVL1.umap" SILENT=true AUTOSAVING=false KEEPDIRTY=false
[2024.02.18-11.57.21:899][191]LogUObjectHash: Compacting FUObjectHashTables data took   0.51ms
[2024.02.18-11.57.21:950][191]LogSavePackage: Moving 'C:/Users/croft/Documents/Unreal Projects/ZuzannaJanczakIIu5/TopShooterZuzannaJanczak/Saved/LVL152FCD03C40864D20A3FEF8953ADF9F5A.tmp' to 'C:/Users/croft/Documents/Unreal Projects/ZuzannaJanczakIIu5/TopShooterZuzannaJanczak/Content/LVL1.umap'
[2024.02.18-11.57.21:983][191]Cmd: OBJ SAVEPACKAGE PACKAGE="/Game/LVL1_BuiltData" FILE="C:/Users/croft/Documents/Unreal Projects/ZuzannaJanczakIIu5/TopShooterZuzannaJanczak/Content/LVL1_BuiltData.uasset" SILENT=true
[2024.02.18-11.57.21:995][191]LogSavePackage: Moving 'C:/Users/croft/Documents/Unreal Projects/ZuzannaJanczakIIu5/TopShooterZuzannaJanczak/Saved/LVL1_BuiltData1B537D1149082F1646A4F58198364B10.tmp' to 'C:/Users/croft/Documents/Unreal Projects/ZuzannaJanczakIIu5/TopShooterZuzannaJanczak/Content/LVL1_BuiltData.uasset'
[2024.02.18-11.57.22:003][191]AssetCheck: New page: Asset Save: multiple assets
[2024.02.18-11.57.22:003][191]LogContentValidation: Display: Validating World /Game/LVL1.LVL1
[2024.02.18-11.57.22:003][191]LogContentValidation: Display: Validating MapBuildDataRegistry /Game/LVL1_BuiltData.LVL1_BuiltData
